#
# There is insufficient memory for the Java Runtime Environment to continue.
# Native memory allocation (malloc) failed to allocate 65552 bytes for Chunk::new
# Possible reasons:
#   The system is out of physical RAM or swap space
#   The process is running with CompressedOops enabled, and the Java Heap may be blocking the growth of the native heap
# Possible solutions:
#   Reduce memory load on the system
#   Increase physical memory or swap space
#   Check if swap backing store is full
#   Decrease Java heap size (-Xmx/-Xms)
#   Decrease number of Java threads
#   Decrease Java thread stack sizes (-Xss)
#   Set larger code cache with -XX:ReservedCodeCacheSize=
#   JVM is running with Unscaled Compressed Oops mode in which the Java heap is
#     placed in the first 4GB address space. The Java Heap base address is the
#     maximum limit for the native heap growth. Please use -XX:HeapBaseMinAddress
#     to set the Java Heap base and to place the Java Heap above 4GB virtual address.
# This output file may be truncated or incomplete.
#
#  Out of Memory Error (allocation.cpp:389), pid=22860, tid=0x0000000000003e74
#
# JRE version: OpenJDK Runtime Environment (8.0_212-b04) (build 1.8.0_212-release-1586-b04)
# Java VM: OpenJDK 64-Bit Server VM (25.212-b04 mixed mode windows-amd64 compressed oops)
# Failed to write core dump. Minidumps are not enabled by default on client versions of Windows
#

---------------  T H R E A D  ---------------

Current thread (0x00000000169de000):  JavaThread "C2 CompilerThread2" daemon [_thread_in_native, id=15988, stack(0x0000000019910000,0x0000000019a10000)]

Stack: [0x0000000019910000,0x0000000019a10000]
[error occurred during error reporting (printing stack bounds), id 0xc0000005]

Native frames: (J=compiled Java code, j=interpreted, Vv=VM code, C=native code)


Current CompileTask:
C2:  13186 8114       4       org.gradle.internal.logging.sink.OutputEventTransformer::onOutput (399 bytes)


---------------  P R O C E S S  ---------------

Java Threads: ( => current thread )
  0x00000000223a3800 JavaThread "Cache worker for Build Output Cleanup Cache (D:\Documents\IdeaProjects\MyZoo\.gradle\buildOutputCleanup)" [_thread_blocked, id=8804, stack(0x0000000026df0000,0x0000000026ef0000)]
  0x000000001dd76000 JavaThread "Build operations Thread 12" [_thread_blocked, id=6340, stack(0x0000000025c80000,0x0000000025d80000)]
  0x000000001dd75800 JavaThread "Build operations Thread 11" [_thread_blocked, id=16564, stack(0x0000000025220000,0x0000000025320000)]
  0x000000001dd74800 JavaThread "Build operations Thread 10" [_thread_blocked, id=9892, stack(0x0000000024f90000,0x0000000025090000)]
  0x000000001dd77800 JavaThread "Build operations Thread 9" [_thread_blocked, id=19764, stack(0x0000000024e90000,0x0000000024f90000)]
  0x000000001dd77000 JavaThread "Build operations Thread 8" [_thread_blocked, id=5756, stack(0x0000000024d90000,0x0000000024e90000)]
  0x000000001dd74000 JavaThread "Build operations Thread 7" [_thread_blocked, id=1212, stack(0x0000000024c90000,0x0000000024d90000)]
  0x000000001dd6c800 JavaThread "Build operations Thread 6" [_thread_blocked, id=22716, stack(0x0000000024b90000,0x0000000024c90000)]
  0x000000001dd73000 JavaThread "Build operations Thread 5" [_thread_blocked, id=21584, stack(0x0000000024a90000,0x0000000024b90000)]
  0x000000001dd72800 JavaThread "Build operations Thread 4" [_thread_blocked, id=13720, stack(0x0000000024990000,0x0000000024a90000)]
  0x000000001dd6b800 JavaThread "Build operations Thread 3" [_thread_blocked, id=7064, stack(0x0000000024890000,0x0000000024990000)]
  0x000000001dd71000 JavaThread "Build operations Thread 2" [_thread_blocked, id=6404, stack(0x0000000024790000,0x0000000024890000)]
  0x000000001dd70000 JavaThread "Build operations" [_thread_blocked, id=21332, stack(0x0000000024690000,0x0000000024790000)]
  0x000000001dd71800 JavaThread "Cache worker for cache directory md-rule (C:\Users\Gunter\.gradle\caches\5.6.4\md-rule)" [_thread_blocked, id=15192, stack(0x0000000024330000,0x0000000024430000)]
  0x000000001dd6f800 JavaThread "Cache worker for cache directory md-supplier (C:\Users\Gunter\.gradle\caches\5.6.4\md-supplier)" [_thread_blocked, id=17812, stack(0x0000000021c60000,0x0000000021d60000)]
  0x000000001dd68800 JavaThread "Cache worker for file hash cache (D:\Documents\IdeaProjects\MyZoo\.gradle\5.6.4\fileHashes)" [_thread_blocked, id=16736, stack(0x0000000021600000,0x0000000021700000)]
  0x000000001dd6a000 JavaThread "Thread-34" [_thread_blocked, id=21920, stack(0x0000000021500000,0x0000000021600000)]
  0x000000001dd69800 JavaThread "Stdin handler" [_thread_blocked, id=10352, stack(0x000000001fdd0000,0x000000001fed0000)]
  0x000000001dd6e800 JavaThread "Asynchronous log dispatcher for DefaultDaemonConnection: socket connection from /127.0.0.1:45642 to /127.0.0.1:45652" [_thread_blocked, id=19432, stack(0x000000001d630000,0x000000001d730000)]
  0x000000001dd6e000 JavaThread "Cancel handler" [_thread_blocked, id=20344, stack(0x000000001d230000,0x000000001d330000)]
  0x000000001dd6b000 JavaThread "Handler for socket connection from /127.0.0.1:45642 to /127.0.0.1:45652" [_thread_in_native, id=2600, stack(0x000000001cf30000,0x000000001d030000)]
  0x000000001dd6d000 JavaThread "Memory manager" [_thread_blocked, id=23416, stack(0x0000000025320000,0x0000000025420000)]
  0x000000001b9e0000 JavaThread "Cache worker for execution history cache (C:\Users\Gunter\.gradle\caches\5.6.4\executionHistory)" [_thread_blocked, id=10928, stack(0x0000000021700000,0x0000000021800000)]
  0x000000001b9e4800 JavaThread "Cache worker for journal cache (C:\Users\Gunter\.gradle\caches\journal-1)" [_thread_blocked, id=13300, stack(0x000000001db30000,0x000000001dc30000)]
  0x000000001b9e1000 JavaThread "File lock request listener" [_thread_in_native, id=15792, stack(0x000000001d830000,0x000000001d930000)]
  0x000000001b9b8000 JavaThread "Cache worker for file hash cache (C:\Users\Gunter\.gradle\caches\5.6.4\fileHashes)" [_thread_blocked, id=10640, stack(0x000000001d730000,0x000000001d830000)]
  0x000000001b94b800 JavaThread "Daemon worker" [_thread_in_vm, id=22920, stack(0x000000001d330000,0x000000001d430000)]
  0x000000001b919800 JavaThread "Daemon" [_thread_blocked, id=10832, stack(0x000000001ce30000,0x000000001cf30000)]
  0x000000001b896000 JavaThread "Daemon periodic checks" [_thread_blocked, id=7520, stack(0x000000001cd30000,0x000000001ce30000)]
  0x000000001b8af800 JavaThread "Incoming local TCP Connector on port 45642" [_thread_in_native, id=7116, stack(0x000000001caf0000,0x000000001cbf0000)]
  0x000000001b79d800 JavaThread "Daemon health stats" [_thread_blocked, id=12056, stack(0x000000001c4b0000,0x000000001c5b0000)]
  0x00000000180d5000 JavaThread "Service Thread" daemon [_thread_blocked, id=21112, stack(0x0000000019b10000,0x0000000019c10000)]
  0x00000000180c9000 JavaThread "C1 CompilerThread3" daemon [_thread_in_native, id=11692, stack(0x0000000019a10000,0x0000000019b10000)]
=>0x00000000169de000 JavaThread "C2 CompilerThread2" daemon [_thread_in_native, id=15988, stack(0x0000000019910000,0x0000000019a10000)]
  0x00000000180c4000 JavaThread "C2 CompilerThread1" daemon [_thread_in_native, id=2892, stack(0x0000000019810000,0x0000000019910000)]
  0x00000000180bb000 JavaThread "C2 CompilerThread0" daemon [_thread_in_native, id=10208, stack(0x0000000019710000,0x0000000019810000)]
  0x00000000180ba000 JavaThread "Attach Listener" daemon [_thread_blocked, id=2764, stack(0x0000000019610000,0x0000000019710000)]
  0x00000000180c7800 JavaThread "Signal Dispatcher" daemon [_thread_blocked, id=20696, stack(0x0000000019510000,0x0000000019610000)]
  0x00000000169cd000 JavaThread "Finalizer" daemon [_thread_blocked, id=10004, stack(0x0000000019310000,0x0000000019410000)]
  0x00000000180b3000 JavaThread "Reference Handler" daemon [_thread_blocked, id=13204, stack(0x0000000019210000,0x0000000019310000)]
  0x000000000290d800 JavaThread "main" [_thread_blocked, id=18844, stack(0x0000000002730000,0x0000000002830000)]

Other Threads:
  0x00000000169c6000 VMThread [stack: 0x0000000019110000,0x0000000019210000] [id=10748]
  0x0000000018151800 WatcherThread [stack: 0x0000000019c10000,0x0000000019d10000] [id=13676]

VM state:not at safepoint (normal execution)

VM Mutex/Monitor currently owned by a thread: None

heap address: 0x00000000a0000000, size: 1536 MB, Compressed Oops mode: 32-bit
Narrow klass base: 0x0000000000000000, Narrow klass shift: 3
Compressed class space size: 1073741824 Address: 0x0000000100000000

Heap:
 PSYoungGen      total 202240K, used 93635K [0x00000000e0000000, 0x00000000ef580000, 0x0000000100000000)
  eden space 181760K, 43% used [0x00000000e0000000,0x00000000e4d12ea8,0x00000000eb180000)
  from space 20480K, 71% used [0x00000000eb180000,0x00000000ebfddf68,0x00000000ec580000)
  to   space 20992K, 0% used [0x00000000ee100000,0x00000000ee100000,0x00000000ef580000)
 ParOldGen       total 228352K, used 32419K [0x00000000a0000000, 0x00000000adf00000, 0x00000000e0000000)
  object space 228352K, 14% used [0x00000000a0000000,0x00000000a1fa8cb8,0x00000000adf00000)
 Metaspace       used 69125K, capacity 73144K, committed 73240K, reserved 1112064K
  class space    used 9419K, capacity 10189K, committed 10280K, reserved 1048576K

Card table byte_map: [0x0000000011dd0000,0x00000000120e0000] byte_map_base: 0x00000000118d0000

Marking Bits: (ParMarkBitMap*) 0x0000000054b89f30
 Begin Bits: [0x0000000012ce0000, 0x00000000144e0000)
 End Bits:   [0x00000000144e0000, 0x0000000015ce0000)

Polling page: 0x0000000000970000

CodeCache: size=245760Kb used=22588Kb max_used=22799Kb free=223171Kb
 bounds [0x0000000002a10000, 0x0000000004070000, 0x0000000011a10000]
 total_blobs=7834 nmethods=7024 adapters=721
 compilation: enabled

Compilation events (10 events):
Event: 13.184 Thread 0x00000000180c9000 8149       3       com.google.common.collect.Lists::indexOfRandomAccess (70 bytes)
Event: 13.184 Thread 0x00000000180c9000 nmethod 8149 0x0000000003db6390 code [0x0000000003db6560, 0x0000000003db6c18]
Event: 13.184 Thread 0x00000000180c9000 8145       3       org.gradle.api.internal.artifacts.DefaultPublishArtifactSet$ArtifactsFileCollection::<init> (6 bytes)
Event: 13.184 Thread 0x00000000180c9000 nmethod 8145 0x0000000002ef8910 code [0x0000000002ef8a80, 0x0000000002ef8cb0]
Event: 13.184 Thread 0x00000000180c9000 8146       3       org.gradle.api.internal.artifacts.DefaultPublishArtifactSet$ArtifactsFileCollection::<init> (10 bytes)
Event: 13.184 Thread 0x00000000180c9000 nmethod 8146 0x00000000034e3390 code [0x00000000034e34e0, 0x00000000034e36b0]
Event: 13.184 Thread 0x00000000180c9000 8147       3       org.gradle.api.internal.file.DefaultFileCollectionFactory::create (28 bytes)
Event: 13.184 Thread 0x00000000180c9000 nmethod 8147 0x00000000034e2a10 code [0x00000000034e2bc0, 0x00000000034e3148]
Event: 13.184 Thread 0x00000000180c9000 8148       3       org.gradle.api.internal.file.DefaultFileCollectionFactory$1::<init> (16 bytes)
Event: 13.184 Thread 0x00000000180c9000 nmethod 8148 0x00000000034e2490 code [0x00000000034e2600, 0x00000000034e28b0]

GC Heap History (10 events):
Event: 4.701 GC heap before
{Heap before GC invocations=10 (full 2):
 PSYoungGen      total 120320K, used 108032K [0x00000000e0000000, 0x00000000ec880000, 0x0000000100000000)
  eden space 108032K, 100% used [0x00000000e0000000,0x00000000e6980000,0x00000000e6980000)
  from space 12288K, 0% used [0x00000000e6980000,0x00000000e6980000,0x00000000e7580000)
  to   space 13312K, 0% used [0x00000000ebb80000,0x00000000ebb80000,0x00000000ec880000)
 ParOldGen       total 154112K, used 18437K [0x00000000a0000000, 0x00000000a9680000, 0x00000000e0000000)
  object space 154112K, 11% used [0x00000000a0000000,0x00000000a1201670,0x00000000a9680000)
 Metaspace       used 44045K, capacity 45386K, committed 45480K, reserved 1089536K
  class space    used 5980K, capacity 6298K, committed 6312K, reserved 1048576K
Event: 4.710 GC heap after
Heap after GC invocations=10 (full 2):
 PSYoungGen      total 162816K, used 12954K [0x00000000e0000000, 0x00000000ec880000, 0x0000000100000000)
  eden space 149504K, 0% used [0x00000000e0000000,0x00000000e0000000,0x00000000e9200000)
  from space 13312K, 97% used [0x00000000ebb80000,0x00000000ec826a20,0x00000000ec880000)
  to   space 14336K, 0% used [0x00000000eac80000,0x00000000eac80000,0x00000000eba80000)
 ParOldGen       total 154112K, used 18445K [0x00000000a0000000, 0x00000000a9680000, 0x00000000e0000000)
  object space 154112K, 11% used [0x00000000a0000000,0x00000000a1203670,0x00000000a9680000)
 Metaspace       used 44045K, capacity 45386K, committed 45480K, reserved 1089536K
  class space    used 5980K, capacity 6298K, committed 6312K, reserved 1048576K
}
Event: 5.793 GC heap before
{Heap before GC invocations=11 (full 2):
 PSYoungGen      total 162816K, used 162458K [0x00000000e0000000, 0x00000000ec880000, 0x0000000100000000)
  eden space 149504K, 100% used [0x00000000e0000000,0x00000000e9200000,0x00000000e9200000)
  from space 13312K, 97% used [0x00000000ebb80000,0x00000000ec826a20,0x00000000ec880000)
  to   space 14336K, 0% used [0x00000000eac80000,0x00000000eac80000,0x00000000eba80000)
 ParOldGen       total 154112K, used 18445K [0x00000000a0000000, 0x00000000a9680000, 0x00000000e0000000)
  object space 154112K, 11% used [0x00000000a0000000,0x00000000a1203670,0x00000000a9680000)
 Metaspace       used 55238K, capacity 57318K, committed 57640K, reserved 1099776K
  class space    used 7644K, capacity 8106K, committed 8232K, reserved 1048576K
Event: 5.807 GC heap after
Heap after GC invocations=11 (full 2):
 PSYoungGen      total 190976K, used 14332K [0x00000000e0000000, 0x00000000ed880000, 0x0000000100000000)
  eden space 176640K, 0% used [0x00000000e0000000,0x00000000e0000000,0x00000000eac80000)
  from space 14336K, 99% used [0x00000000eac80000,0x00000000eba7f320,0x00000000eba80000)
  to   space 19456K, 0% used [0x00000000ec580000,0x00000000ec580000,0x00000000ed880000)
 ParOldGen       total 154112K, used 26603K [0x00000000a0000000, 0x00000000a9680000, 0x00000000e0000000)
  object space 154112K, 17% used [0x00000000a0000000,0x00000000a19fadc0,0x00000000a9680000)
 Metaspace       used 55238K, capacity 57318K, committed 57640K, reserved 1099776K
  class space    used 7644K, capacity 8106K, committed 8232K, reserved 1048576K
}
Event: 6.057 GC heap before
{Heap before GC invocations=12 (full 2):
 PSYoungGen      total 190976K, used 57318K [0x00000000e0000000, 0x00000000ed880000, 0x0000000100000000)
  eden space 176640K, 24% used [0x00000000e0000000,0x00000000e29fa7a8,0x00000000eac80000)
  from space 14336K, 99% used [0x00000000eac80000,0x00000000eba7f320,0x00000000eba80000)
  to   space 19456K, 0% used [0x00000000ec580000,0x00000000ec580000,0x00000000ed880000)
 ParOldGen       total 154112K, used 26603K [0x00000000a0000000, 0x00000000a9680000, 0x00000000e0000000)
  object space 154112K, 17% used [0x00000000a0000000,0x00000000a19fadc0,0x00000000a9680000)
 Metaspace       used 56866K, capacity 58976K, committed 59160K, reserved 1099776K
  class space    used 7906K, capacity 8364K, committed 8488K, reserved 1048576K
Event: 6.067 GC heap after
Heap after GC invocations=12 (full 2):
 PSYoungGen      total 201216K, used 16944K [0x00000000e0000000, 0x00000000f0200000, 0x0000000100000000)
  eden space 181760K, 0% used [0x00000000e0000000,0x00000000e0000000,0x00000000eb180000)
  from space 19456K, 87% used [0x00000000ec580000,0x00000000ed60c0e8,0x00000000ed880000)
  to   space 20480K, 0% used [0x00000000eb180000,0x00000000eb180000,0x00000000ec580000)
 ParOldGen       total 154112K, used 26611K [0x00000000a0000000, 0x00000000a9680000, 0x00000000e0000000)
  object space 154112K, 17% used [0x00000000a0000000,0x00000000a19fcdc0,0x00000000a9680000)
 Metaspace       used 56866K, capacity 58976K, committed 59160K, reserved 1099776K
  class space    used 7906K, capacity 8364K, committed 8488K, reserved 1048576K
}
Event: 6.067 GC heap before
{Heap before GC invocations=13 (full 3):
 PSYoungGen      total 201216K, used 16944K [0x00000000e0000000, 0x00000000f0200000, 0x0000000100000000)
  eden space 181760K, 0% used [0x00000000e0000000,0x00000000e0000000,0x00000000eb180000)
  from space 19456K, 87% used [0x00000000ec580000,0x00000000ed60c0e8,0x00000000ed880000)
  to   space 20480K, 0% used [0x00000000eb180000,0x00000000eb180000,0x00000000ec580000)
 ParOldGen       total 154112K, used 26611K [0x00000000a0000000, 0x00000000a9680000, 0x00000000e0000000)
  object space 154112K, 17% used [0x00000000a0000000,0x00000000a19fcdc0,0x00000000a9680000)
 Metaspace       used 56866K, capacity 58976K, committed 59160K, reserved 1099776K
  class space    used 7906K, capacity 8364K, committed 8488K, reserved 1048576K
Event: 6.299 GC heap after
Heap after GC invocations=13 (full 3):
 PSYoungGen      total 201216K, used 0K [0x00000000e0000000, 0x00000000f0200000, 0x0000000100000000)
  eden space 181760K, 0% used [0x00000000e0000000,0x00000000e0000000,0x00000000eb180000)
  from space 19456K, 0% used [0x00000000ec580000,0x00000000ec580000,0x00000000ed880000)
  to   space 20480K, 0% used [0x00000000eb180000,0x00000000eb180000,0x00000000ec580000)
 ParOldGen       total 228352K, used 32411K [0x00000000a0000000, 0x00000000adf00000, 0x00000000e0000000)
  object space 228352K, 14% used [0x00000000a0000000,0x00000000a1fa6cb8,0x00000000adf00000)
 Metaspace       used 56812K, capacity 58796K, committed 59160K, reserved 1099776K
  class space    used 7890K, capacity 8334K, committed 8488K, reserved 1048576K
}
Event: 7.423 GC heap before
{Heap before GC invocations=14 (full 3):
 PSYoungGen      total 201216K, used 181760K [0x00000000e0000000, 0x00000000f0200000, 0x0000000100000000)
  eden space 181760K, 100% used [0x00000000e0000000,0x00000000eb180000,0x00000000eb180000)
  from space 19456K, 0% used [0x00000000ec580000,0x00000000ec580000,0x00000000ed880000)
  to   space 20480K, 0% used [0x00000000eb180000,0x00000000eb180000,0x00000000ec580000)
 ParOldGen       total 228352K, used 32411K [0x00000000a0000000, 0x00000000adf00000, 0x00000000e0000000)
  object space 228352K, 14% used [0x00000000a0000000,0x00000000a1fa6cb8,0x00000000adf00000)
 Metaspace       used 63783K, capacity 67210K, committed 67480K, reserved 1107968K
  class space    used 8959K, capacity 9640K, committed 9640K, reserved 1048576K
Event: 7.431 GC heap after
Heap after GC invocations=14 (full 3):
 PSYoungGen      total 202240K, used 14711K [0x00000000e0000000, 0x00000000ef580000, 0x0000000100000000)
  eden space 181760K, 0% used [0x00000000e0000000,0x00000000e0000000,0x00000000eb180000)
  from space 20480K, 71% used [0x00000000eb180000,0x00000000ebfddf68,0x00000000ec580000)
  to   space 20992K, 0% used [0x00000000ee100000,0x00000000ee100000,0x00000000ef580000)
 ParOldGen       total 228352K, used 32419K [0x00000000a0000000, 0x00000000adf00000, 0x00000000e0000000)
  object space 228352K, 14% used [0x00000000a0000000,0x00000000a1fa8cb8,0x00000000adf00000)
 Metaspace       used 63783K, capacity 67210K, committed 67480K, reserved 1107968K
  class space    used 8959K, capacity 9640K, committed 9640K, reserved 1048576K
}

Deoptimization events (10 events):
Event: 7.696 Thread 0x000000001b94b800 Uncommon trap: reason=class_check action=maybe_recompile pc=0x0000000002e43dd0 method=org.gradle.internal.logging.text.AbstractLineChoppingStyledTextOutput$StateContext.flushLineText()V @ 110
Event: 7.697 Thread 0x000000001b94b800 Uncommon trap: reason=class_check action=maybe_recompile pc=0x0000000002e43dd0 method=org.gradle.internal.logging.text.AbstractLineChoppingStyledTextOutput$StateContext.flushLineText()V @ 110
Event: 7.707 Thread 0x000000001dd6b000 Uncommon trap: reason=class_check action=maybe_recompile pc=0x0000000003611a7c method=java.util.concurrent.locks.ReentrantLock.lock()V @ 4
Event: 7.708 Thread 0x000000001b9df800 Uncommon trap: reason=class_check action=maybe_recompile pc=0x0000000003611a7c method=java.util.concurrent.locks.ReentrantLock.lock()V @ 4
Event: 7.708 Thread 0x000000001b9e1800 Uncommon trap: reason=class_check action=maybe_recompile pc=0x0000000003611a7c method=java.util.concurrent.locks.ReentrantLock.lock()V @ 4
Event: 7.716 Thread 0x000000001b94b800 Uncommon trap: reason=unstable_if action=reinterpret pc=0x0000000003049338 method=java.util.HashMap$HashIterator.<init>(Ljava/util/HashMap;)V @ 45
Event: 7.717 Thread 0x000000001b9e2800 Uncommon trap: reason=class_check action=maybe_recompile pc=0x0000000003611a7c method=java.util.concurrent.locks.ReentrantLock.lock()V @ 4
Event: 7.729 Thread 0x000000001b94b800 Uncommon trap: reason=unstable_if action=reinterpret pc=0x0000000003e15b58 method=org.gradle.internal.logging.slf4j.OutputEventListenerBackedLogger.isLevelAtMost(Lorg/gradle/api/logging/LogLevel;)Z @ 11
Event: 7.955 Thread 0x000000001b917800 Uncommon trap: reason=unstable_if action=reinterpret pc=0x0000000003ae50c8 method=com.esotericsoftware.kryo.io.Input.require(I)I @ 180
Event: 11.958 Thread 0x000000001b896000 Uncommon trap: reason=speculate_class_check action=maybe_recompile pc=0x0000000003d95ad8 method=java.util.AbstractList.listIterator()Ljava/util/ListIterator; @ 2

Classes redefined (0 events):
No events

Internal exceptions (10 events):
Event: 13.019 Thread 0x000000001b94b800 Exception <a 'java/lang/NoSuchMethodError': <clinit>> (0x00000000e1eb03b8) thrown at [D:\src\AOSP-openjdk-cygwin\jdk8u\hotspot\src\share\vm\prims\jni.cpp, line 1614]
Event: 13.024 Thread 0x000000001b94b800 Exception <a 'java/lang/NoSuchMethodError': <clinit>> (0x00000000e1efefd0) thrown at [D:\src\AOSP-openjdk-cygwin\jdk8u\hotspot\src\share\vm\prims\jni.cpp, line 1614]
Event: 13.025 Thread 0x000000001b94b800 Exception <a 'java/lang/NoSuchMethodError': <clinit>> (0x00000000e1f0c288) thrown at [D:\src\AOSP-openjdk-cygwin\jdk8u\hotspot\src\share\vm\prims\jni.cpp, line 1614]
Event: 13.038 Thread 0x000000001b94b800 Exception <a 'java/lang/NoSuchMethodError': <clinit>> (0x00000000e383f058) thrown at [D:\src\AOSP-openjdk-cygwin\jdk8u\hotspot\src\share\vm\prims\jni.cpp, line 1614]
Event: 13.039 Thread 0x000000001b94b800 Exception <a 'java/lang/NoSuchMethodError': <clinit>> (0x00000000e3843190) thrown at [D:\src\AOSP-openjdk-cygwin\jdk8u\hotspot\src\share\vm\prims\jni.cpp, line 1614]
Event: 13.039 Thread 0x000000001b94b800 Exception <a 'java/lang/NoSuchMethodError': <clinit>> (0x00000000e3844b18) thrown at [D:\src\AOSP-openjdk-cygwin\jdk8u\hotspot\src\share\vm\prims\jni.cpp, line 1614]
Event: 13.039 Thread 0x000000001b94b800 Exception <a 'java/lang/NoSuchMethodError': <clinit>> (0x00000000e3846018) thrown at [D:\src\AOSP-openjdk-cygwin\jdk8u\hotspot\src\share\vm\prims\jni.cpp, line 1614]
Event: 13.039 Thread 0x000000001b94b800 Exception <a 'java/lang/NoSuchMethodError': <clinit>> (0x00000000e3847768) thrown at [D:\src\AOSP-openjdk-cygwin\jdk8u\hotspot\src\share\vm\prims\jni.cpp, line 1614]
Event: 13.039 Thread 0x000000001b94b800 Exception <a 'java/lang/NoSuchMethodError': <clinit>> (0x00000000e3848d68) thrown at [D:\src\AOSP-openjdk-cygwin\jdk8u\hotspot\src\share\vm\prims\jni.cpp, line 1614]
Event: 13.039 Thread 0x000000001b94b800 Exception <a 'java/lang/NoSuchMethodError': <clinit>> (0x00000000e384ab60) thrown at [D:\src\AOSP-openjdk-cygwin\jdk8u\hotspot\src\share\vm\prims\jni.cpp, line 1614]

Events (10 events):
Event: 13.164 Thread 0x00000000180c9000 flushing nmethod 0x0000000003db6210
Event: 13.164 Thread 0x00000000180c9000 flushing nmethod 0x0000000003dc6490
Event: 13.164 Thread 0x00000000180c9000 flushing nmethod 0x0000000003dc8750
Event: 13.164 Thread 0x00000000180c9000 flushing nmethod 0x0000000003dcf810
Event: 13.164 Thread 0x00000000180c9000 flushing nmethod 0x0000000003df9e90
Event: 13.164 Thread 0x00000000180c9000 flushing nmethod 0x0000000003e0a990
Event: 13.165 loading class com/android/build/gradle/internal/dependency/DexingNoClasspathTransform
Event: 13.165 loading class com/android/build/gradle/internal/dependency/DexingNoClasspathTransform done
Event: 13.176 Thread 0x000000001b94b800 DEOPT PACKING pc=0x0000000002e0749f sp=0x000000001d42a980
Event: 13.176 Thread 0x000000001b94b800 DEOPT UNPACKING pc=0x0000000002a575d0 sp=0x000000001d42a6c8 mode 0


Dynamic libraries:
0x00007ff6532e0000 - 0x00007ff653311000 	C:\Program Files\Android\Android Studio\jre\bin\java.exe
0x00007fff8bf40000 - 0x00007fff8c130000 	C:\WINDOWS\SYSTEM32\ntdll.dll
0x00007fff8a190000 - 0x00007fff8a242000 	C:\WINDOWS\System32\KERNEL32.DLL
0x00007fff892a0000 - 0x00007fff89543000 	C:\WINDOWS\System32\KERNELBASE.dll
0x00007fff8bdf0000 - 0x00007fff8be93000 	C:\WINDOWS\System32\ADVAPI32.dll
0x00007fff8a700000 - 0x00007fff8a79e000 	C:\WINDOWS\System32\msvcrt.dll
0x00007fff8a2d0000 - 0x00007fff8a367000 	C:\WINDOWS\System32\sechost.dll
0x00007fff8a370000 - 0x00007fff8a490000 	C:\WINDOWS\System32\RPCRT4.dll
0x00007fff89ff0000 - 0x00007fff8a184000 	C:\WINDOWS\System32\USER32.dll
0x00007fff89270000 - 0x00007fff89291000 	C:\WINDOWS\System32\win32u.dll
0x00007fff8bb70000 - 0x00007fff8bb96000 	C:\WINDOWS\System32\GDI32.dll
0x00007fff890d0000 - 0x00007fff89264000 	C:\WINDOWS\System32\gdi32full.dll
0x00007fff89d50000 - 0x00007fff89dee000 	C:\WINDOWS\System32\msvcp_win.dll
0x00007fff88f40000 - 0x00007fff8903a000 	C:\WINDOWS\System32\ucrtbase.dll
0x00007fff7c590000 - 0x00007fff7c815000 	C:\WINDOWS\WinSxS\amd64_microsoft.windows.common-controls_6595b64144ccf1df_6.0.18362.657_none_e6c5b579130e3898\COMCTL32.dll
0x00007fff8a7a0000 - 0x00007fff8aad6000 	C:\WINDOWS\System32\combase.dll
0x00007fff89cd0000 - 0x00007fff89d50000 	C:\WINDOWS\System32\bcryptPrimitives.dll
0x00007fff8bb40000 - 0x00007fff8bb6e000 	C:\WINDOWS\System32\IMM32.DLL
0x0000000054200000 - 0x00000000542d2000 	C:\Program Files\Android\Android Studio\jre\jre\bin\msvcr100.dll
0x00000000543c0000 - 0x0000000054c06000 	C:\Program Files\Android\Android Studio\jre\jre\bin\server\jvm.dll
0x00007fff8b430000 - 0x00007fff8b438000 	C:\WINDOWS\System32\PSAPI.DLL
0x00007fff7d650000 - 0x00007fff7d674000 	C:\WINDOWS\SYSTEM32\WINMM.dll
0x00007fff724a0000 - 0x00007fff724a9000 	C:\WINDOWS\SYSTEM32\WSOCK32.dll
0x00007fff84210000 - 0x00007fff8421a000 	C:\WINDOWS\SYSTEM32\VERSION.dll
0x00007fff8a690000 - 0x00007fff8a6ff000 	C:\WINDOWS\System32\WS2_32.dll
0x00007fff7d620000 - 0x00007fff7d64d000 	C:\WINDOWS\SYSTEM32\winmmbase.dll
0x00007fff88ed0000 - 0x00007fff88f1a000 	C:\WINDOWS\System32\cfgmgr32.dll
0x00007fff85800000 - 0x00007fff8580f000 	C:\Program Files\Android\Android Studio\jre\jre\bin\verify.dll
0x00007fff83830000 - 0x00007fff83859000 	C:\Program Files\Android\Android Studio\jre\jre\bin\java.dll
0x00007fff84300000 - 0x00007fff84316000 	C:\Program Files\Android\Android Studio\jre\jre\bin\zip.dll
0x00007fff8b450000 - 0x00007fff8bb35000 	C:\WINDOWS\System32\SHELL32.dll
0x00007fff8bd40000 - 0x00007fff8bde9000 	C:\WINDOWS\System32\shcore.dll
0x00007fff89550000 - 0x00007fff89ccf000 	C:\WINDOWS\System32\windows.storage.dll
0x00007fff88eb0000 - 0x00007fff88ecf000 	C:\WINDOWS\System32\profapi.dll
0x00007fff88e40000 - 0x00007fff88e8a000 	C:\WINDOWS\System32\powrprof.dll
0x00007fff88e10000 - 0x00007fff88e20000 	C:\WINDOWS\System32\UMPDC.dll
0x00007fff8ae30000 - 0x00007fff8ae82000 	C:\WINDOWS\System32\shlwapi.dll
0x00007fff88e20000 - 0x00007fff88e31000 	C:\WINDOWS\System32\kernel.appcore.dll
0x00007fff88f20000 - 0x00007fff88f37000 	C:\WINDOWS\System32\cryptsp.dll
0x00007fff7ee20000 - 0x00007fff7ee3a000 	C:\Program Files\Android\Android Studio\jre\jre\bin\net.dll
0x00007fff79b00000 - 0x00007fff79cd6000 	C:\WINDOWS\SYSTEM32\urlmon.dll
0x00007fff79250000 - 0x00007fff794f6000 	C:\WINDOWS\SYSTEM32\iertutil.dll
0x00007fff88850000 - 0x00007fff8885c000 	C:\WINDOWS\SYSTEM32\CRYPTBASE.DLL
0x00007fff88680000 - 0x00007fff886e7000 	C:\WINDOWS\system32\mswsock.dll
0x00007fff7ee00000 - 0x00007fff7ee13000 	C:\Program Files\Android\Android Studio\jre\jre\bin\nio.dll
0x00007fff84020000 - 0x00007fff84046000 	C:\Users\Gunter\.gradle\native\30\windows-amd64\native-platform.dll
0x00007fff84470000 - 0x00007fff8447d000 	C:\Program Files\Android\Android Studio\jre\jre\bin\management.dll
0x00007fff881f0000 - 0x00007fff88223000 	C:\WINDOWS\system32\rsaenh.dll
0x00007fff89040000 - 0x00007fff89066000 	C:\WINDOWS\System32\bcrypt.dll
0x00007fff88d00000 - 0x00007fff88d25000 	C:\WINDOWS\SYSTEM32\USERENV.dll
0x00007fff88390000 - 0x00007fff883ca000 	C:\WINDOWS\SYSTEM32\IPHLPAPI.DLL
0x00007fff8a610000 - 0x00007fff8a618000 	C:\WINDOWS\System32\NSI.dll
0x00007fff83e80000 - 0x00007fff83e96000 	C:\WINDOWS\SYSTEM32\dhcpcsvc6.DLL
0x00007fff836d0000 - 0x00007fff836ec000 	C:\WINDOWS\SYSTEM32\dhcpcsvc.DLL
0x00007fff883d0000 - 0x00007fff8849a000 	C:\WINDOWS\SYSTEM32\DNSAPI.dll

VM Arguments:
jvm_args: -Xmx1536M -Dfile.encoding=windows-1252 -Duser.country=GB -Duser.language=en -Duser.variant 
java_command: org.gradle.launcher.daemon.bootstrap.GradleDaemon 5.6.4
java_class_path (initial): C:\Users\Gunter\.gradle\wrapper\dists\gradle-5.6.4-all\ankdp27end7byghfw1q2sw75f\gradle-5.6.4\lib\gradle-launcher-5.6.4.jar
Launcher Type: SUN_STANDARD

Environment Variables:
PATH=C:\Windows\System32;C:\Program Files\PuTTY\;C:\Program Files\NVIDIA Corporation\NVIDIA NvDLISR;C:\Windows\System32\WindowsPowerShell\v1.0;C:\Program Files\Java\jdk-11.0.4\bin;
USERNAME=Gunter
OS=Windows_NT
PROCESSOR_IDENTIFIER=Intel64 Family 6 Model 158 Stepping 10, GenuineIntel



---------------  S Y S T E M  ---------------

OS: Windows 10.0 , 64 bit Build 18362 (10.0.18362.329)

CPU:total 12 (initial active 12) (6 cores per cpu, 2 threads per core) family 6 model 158 stepping 10, cmov, cx8, fxsr, mmx, sse, sse2, sse3, ssse3, sse4.1, sse4.2, popcnt, avx, avx2, aes, clmul, erms, 3dnowpref, lzcnt, ht, tsc, tscinvbit, bmi1, bmi2, adx

Memory: 4k page, physical 16616412k(7848128k free), swap 47703640k(5184k free)

vm_info: OpenJDK 64-Bit Server VM (25.212-b04) for windows-amd64 JRE (1.8.0_212-release-1586-b04), built by "builder" with MS VC++ 10.0 (VS2010)

time: Tue Mar 03 09:26:02 2020
timezone: W. Europe Standard Time
elapsed time: 13 seconds (0d 0h 0m 13s)

