#
# There is insufficient memory for the Java Runtime Environment to continue.
# Native memory allocation (malloc) failed to allocate 32744 bytes for ChunkPool::allocate
# Possible reasons:
#   The system is out of physical RAM or swap space
#   The process is running with CompressedOops enabled, and the Java Heap may be blocking the growth of the native heap
# Possible solutions:
#   Reduce memory load on the system
#   Increase physical memory or swap space
#   Check if swap backing store is full
#   Decrease Java heap size (-Xmx/-Xms)
#   Decrease number of Java threads
#   Decrease Java thread stack sizes (-Xss)
#   Set larger code cache with -XX:ReservedCodeCacheSize=
#   JVM is running with Unscaled Compressed Oops mode in which the Java heap is
#     placed in the first 4GB address space. The Java Heap base address is the
#     maximum limit for the native heap growth. Please use -XX:HeapBaseMinAddress
#     to set the Java Heap base and to place the Java Heap above 4GB virtual address.
# This output file may be truncated or incomplete.
#
#  Out of Memory Error (allocation.cpp:272), pid=4848, tid=0x0000000000005ad0
#
# JRE version: OpenJDK Runtime Environment (8.0_212-b04) (build 1.8.0_212-release-1586-b04)
# Java VM: OpenJDK 64-Bit Server VM (25.212-b04 mixed mode windows-amd64 compressed oops)
# Failed to write core dump. Minidumps are not enabled by default on client versions of Windows
#

---------------  T H R E A D  ---------------

Current thread (0x0000000018078000):  JavaThread "C1 CompilerThread3" daemon [_thread_in_native, id=23248, stack(0x00000000199c0000,0x0000000019ac0000)]

Stack: [0x00000000199c0000,0x0000000019ac0000]
[error occurred during error reporting (printing stack bounds), id 0xc0000005]

Native frames: (J=compiled Java code, j=interpreted, Vv=VM code, C=native code)


Current CompileTask:
C1:   3232 1589       3       java.util.regex.Pattern::
[error occurred during error reporting (printing current compile task), id 0xe0000001]


---------------  P R O C E S S  ---------------

Java Threads: ( => current thread )
  0x000000001b94f800 JavaThread "Cache worker for file hash cache (D:\Documents\IdeaProjects\MyZoo\.gradle\5.6.4\fileHashes)" [_thread_blocked, id=8688, stack(0x000000001fe80000,0x000000001ff80000)]
  0x000000001b94b000 JavaThread "Cache worker for journal cache (C:\Users\Gunter\.gradle\caches\journal-1)" [_thread_blocked, id=14200, stack(0x000000001d9e0000,0x000000001dae0000)]
  0x000000001b94f000 JavaThread "File lock request listener" [_thread_in_native, id=19728, stack(0x000000001d8e0000,0x000000001d9e0000)]
  0x000000001b987000 JavaThread "Cache worker for file hash cache (C:\Users\Gunter\.gradle\caches\5.6.4\fileHashes)" [_thread_blocked, id=23120, stack(0x000000001d7e0000,0x000000001d8e0000)]
  0x000000001b87a800 JavaThread "Thread-9" [_thread_blocked, id=9412, stack(0x000000001d6e0000,0x000000001d7e0000)]
  0x000000001b877000 JavaThread "Stdin handler" [_thread_blocked, id=7684, stack(0x000000001d5e0000,0x000000001d6e0000)]
  0x000000001b874800 JavaThread "Asynchronous log dispatcher for DefaultDaemonConnection: socket connection from /127.0.0.1:45022 to /127.0.0.1:45023" [_thread_blocked, id=17112, stack(0x000000001d4e0000,0x000000001d5e0000)]
  0x000000001b82f800 JavaThread "Daemon worker" [_thread_in_vm, id=12736, stack(0x000000001d3e0000,0x000000001d4e0000)]
  0x000000001b829000 JavaThread "Cancel handler" [_thread_blocked, id=17416, stack(0x000000001d1e0000,0x000000001d2e0000)]
  0x000000001b7fe000 JavaThread "Handler for socket connection from /127.0.0.1:45022 to /127.0.0.1:45023" [_thread_in_native, id=19308, stack(0x000000001cee0000,0x000000001cfe0000)]
  0x000000001b7fc000 JavaThread "Daemon" [_thread_blocked, id=21332, stack(0x000000001cde0000,0x000000001cee0000)]
  0x000000001b7ed800 JavaThread "Daemon periodic checks" [_thread_blocked, id=23444, stack(0x000000001cce0000,0x000000001cde0000)]
  0x000000001b7cb000 JavaThread "Incoming local TCP Connector on port 45022" [_thread_in_native, id=6560, stack(0x000000001caa0000,0x000000001cba0000)]
  0x000000001b6de800 JavaThread "Daemon health stats" [_thread_blocked, id=23404, stack(0x000000001c460000,0x000000001c560000)]
  0x0000000018108800 JavaThread "Service Thread" daemon [_thread_blocked, id=12588, stack(0x0000000019ac0000,0x0000000019bc0000)]
=>0x0000000018078000 JavaThread "C1 CompilerThread3" daemon [_thread_in_native, id=23248, stack(0x00000000199c0000,0x0000000019ac0000)]
  0x0000000018077800 JavaThread "C2 CompilerThread2" daemon [_thread_blocked, id=1028, stack(0x00000000198c0000,0x00000000199c0000)]
  0x0000000018072000 JavaThread "C2 CompilerThread1" daemon [_thread_in_native, id=15164, stack(0x00000000197c0000,0x00000000198c0000)]
  0x000000001806c000 JavaThread "C2 CompilerThread0" daemon [_thread_in_native, id=22736, stack(0x00000000196c0000,0x00000000197c0000)]
  0x0000000018068000 JavaThread "Attach Listener" daemon [_thread_blocked, id=23320, stack(0x00000000195c0000,0x00000000196c0000)]
  0x0000000018067000 JavaThread "Signal Dispatcher" daemon [_thread_blocked, id=17560, stack(0x00000000194c0000,0x00000000195c0000)]
  0x000000001698d000 JavaThread "Finalizer" daemon [_thread_blocked, id=21604, stack(0x00000000192c0000,0x00000000193c0000)]
  0x0000000018063000 JavaThread "Reference Handler" daemon [_thread_blocked, id=16860, stack(0x00000000191c0000,0x00000000192c0000)]
  0x00000000029ce000 JavaThread "main" [_thread_blocked, id=11820, stack(0x0000000002730000,0x0000000002830000)]

Other Threads:
  0x0000000016986000 VMThread [stack: 0x00000000190c0000,0x00000000191c0000] [id=21748]
  0x0000000018109800 WatcherThread [stack: 0x0000000019bc0000,0x0000000019cc0000] [id=2404]

VM state:not at safepoint (normal execution)

VM Mutex/Monitor currently owned by a thread: None

OutOfMemory and StackOverflow Exception counts:
OutOfMemoryError java_heap_errors=1

heap address: 0x00000000a0000000, size: 1536 MB, Compressed Oops mode: 32-bit
Narrow klass base: 0x0000000000000000, Narrow klass shift: 3
Compressed class space size: 1073741824 Address: 0x0000000100000000

Heap:
 PSYoungGen      total 75776K, used 42356K [0x00000000e0000000, 0x00000000e5480000, 0x0000000100000000)
  eden space 65024K, 50% used [0x00000000e0000000,0x00000000e2013148,0x00000000e3f80000)
  from space 10752K, 88% used [0x00000000e4a00000,0x00000000e534a260,0x00000000e5480000)
  to   space 10752K, 0% used [0x00000000e3f80000,0x00000000e3f80000,0x00000000e4a00000)
 ParOldGen       total 173568K, used 24K [0x00000000a0000000, 0x00000000aa980000, 0x00000000e0000000)
  object space 173568K, 0% used [0x00000000a0000000,0x00000000a0006000,0x00000000aa980000)
 Metaspace       used 17073K, capacity 17478K, committed 17792K, reserved 1064960K
  class space    used 2444K, capacity 2595K, committed 2688K, reserved 1048576K

Card table byte_map: [0x0000000011d90000,0x00000000120a0000] byte_map_base: 0x0000000011890000

Marking Bits: (ParMarkBitMap*) 0x0000000054b89f30
 Begin Bits: [0x0000000012ca0000, 0x00000000144a0000)
 End Bits:   [0x00000000144a0000, 0x0000000015ca0000)

Polling page: 0x00000000009e0000

CodeCache: size=245760Kb used=5433Kb max_used=5436Kb free=240326Kb
 bounds [0x00000000029d0000, 0x0000000002f30000, 0x00000000119d0000]
 total_blobs=1985 nmethods=1585 adapters=313
 compilation: enabled

Compilation events (10 events):
Event: 3.218 Thread 0x0000000018078000 nmethod 1583 0x0000000002f1e350 code [0x0000000002f1e4c0, 0x0000000002f1e6e8]
Event: 3.220 Thread 0x0000000018077800 1584       4       java.lang.String::codePointAt (36 bytes)
Event: 3.220 Thread 0x0000000018078000 1585       3       java.util.concurrent.locks.ReentrantLock$NonfairSync::<init> (5 bytes)
Event: 3.220 Thread 0x0000000018078000 nmethod 1585 0x0000000002f1ddd0 code [0x0000000002f1df40, 0x0000000002f1e210]
Event: 3.221 Thread 0x0000000018077800 nmethod 1584 0x0000000002f15050 code [0x0000000002f151a0, 0x0000000002f15298]
Event: 3.221 Thread 0x0000000018077800 1586       4       java.lang.ReflectiveOperationException::<init> (7 bytes)
Event: 3.223 Thread 0x0000000018077800 nmethod 1586 0x0000000002f1d790 code [0x0000000002f1d8e0, 0x0000000002f1dc48]
Event: 3.226 Thread 0x0000000018078000 1587       3       sun.reflect.NativeMethodAccessorImpl::invoke (104 bytes)
Event: 3.227 Thread 0x0000000018078000 nmethod 1587 0x0000000002f16110 code [0x0000000002f16380, 0x0000000002f17818]
Event: 3.230 Thread 0x0000000018078000 1589       3       java.util.regex.Pattern::sequence (553 bytes)

GC Heap History (4 events):
Event: 0.639 GC heap before
{Heap before GC invocations=1 (full 0):
 PSYoungGen      total 75776K, used 65024K [0x00000000e0000000, 0x00000000e5480000, 0x0000000100000000)
  eden space 65024K, 100% used [0x00000000e0000000,0x00000000e3f80000,0x00000000e3f80000)
  from space 10752K, 0% used [0x00000000e4a00000,0x00000000e4a00000,0x00000000e5480000)
  to   space 10752K, 0% used [0x00000000e3f80000,0x00000000e3f80000,0x00000000e4a00000)
 ParOldGen       total 173568K, used 0K [0x00000000a0000000, 0x00000000aa980000, 0x00000000e0000000)
  object space 173568K, 0% used [0x00000000a0000000,0x00000000a0000000,0x00000000aa980000)
 Metaspace       used 7247K, capacity 7520K, committed 7680K, reserved 1056768K
  class space    used 890K, capacity 980K, committed 1024K, reserved 1048576K
Event: 0.643 GC heap after
Heap after GC invocations=1 (full 0):
 PSYoungGen      total 75776K, used 5773K [0x00000000e0000000, 0x00000000e5480000, 0x0000000100000000)
  eden space 65024K, 0% used [0x00000000e0000000,0x00000000e0000000,0x00000000e3f80000)
  from space 10752K, 53% used [0x00000000e3f80000,0x00000000e4523648,0x00000000e4a00000)
  to   space 10752K, 0% used [0x00000000e4a00000,0x00000000e4a00000,0x00000000e5480000)
 ParOldGen       total 173568K, used 16K [0x00000000a0000000, 0x00000000aa980000, 0x00000000e0000000)
  object space 173568K, 0% used [0x00000000a0000000,0x00000000a0004000,0x00000000aa980000)
 Metaspace       used 7247K, capacity 7520K, committed 7680K, reserved 1056768K
  class space    used 890K, capacity 980K, committed 1024K, reserved 1048576K
}
Event: 3.047 GC heap before
{Heap before GC invocations=2 (full 0):
 PSYoungGen      total 75776K, used 70797K [0x00000000e0000000, 0x00000000e5480000, 0x0000000100000000)
  eden space 65024K, 100% used [0x00000000e0000000,0x00000000e3f80000,0x00000000e3f80000)
  from space 10752K, 53% used [0x00000000e3f80000,0x00000000e4523648,0x00000000e4a00000)
  to   space 10752K, 0% used [0x00000000e4a00000,0x00000000e4a00000,0x00000000e5480000)
 ParOldGen       total 173568K, used 16K [0x00000000a0000000, 0x00000000aa980000, 0x00000000e0000000)
  object space 173568K, 0% used [0x00000000a0000000,0x00000000a0004000,0x00000000aa980000)
 Metaspace       used 14434K, capacity 14746K, committed 14976K, reserved 1062912K
  class space    used 2011K, capacity 2127K, committed 2176K, reserved 1048576K
Event: 3.057 GC heap after
Heap after GC invocations=2 (full 0):
 PSYoungGen      total 75776K, used 9512K [0x00000000e0000000, 0x00000000e5480000, 0x0000000100000000)
  eden space 65024K, 0% used [0x00000000e0000000,0x00000000e0000000,0x00000000e3f80000)
  from space 10752K, 88% used [0x00000000e4a00000,0x00000000e534a260,0x00000000e5480000)
  to   space 10752K, 0% used [0x00000000e3f80000,0x00000000e3f80000,0x00000000e4a00000)
 ParOldGen       total 173568K, used 24K [0x00000000a0000000, 0x00000000aa980000, 0x00000000e0000000)
  object space 173568K, 0% used [0x00000000a0000000,0x00000000a0006000,0x00000000aa980000)
 Metaspace       used 14434K, capacity 14746K, committed 14976K, reserved 1062912K
  class space    used 2011K, capacity 2127K, committed 2176K, reserved 1048576K
}

Deoptimization events (10 events):
Event: 2.767 Thread 0x000000001b82f800 Uncommon trap: reason=bimorphic action=maybe_recompile pc=0x0000000002c50ffc method=java.util.HashMap.putVal(ILjava/lang/Object;Ljava/lang/Object;ZZ)Ljava/lang/Object; @ 253
Event: 2.767 Thread 0x000000001b82f800 Uncommon trap: reason=bimorphic action=maybe_recompile pc=0x0000000002c50ffc method=java.util.HashMap.putVal(ILjava/lang/Object;Ljava/lang/Object;ZZ)Ljava/lang/Object; @ 253
Event: 2.767 Thread 0x000000001b82f800 Uncommon trap: reason=class_check action=maybe_recompile pc=0x0000000002c5150c method=java.util.HashMap.putVal(ILjava/lang/Object;Ljava/lang/Object;ZZ)Ljava/lang/Object; @ 203
Event: 2.768 Thread 0x000000001b82f800 Uncommon trap: reason=class_check action=maybe_recompile pc=0x0000000002c0ea50 method=java.util.HashMap.putVal(ILjava/lang/Object;Ljava/lang/Object;ZZ)Ljava/lang/Object; @ 203
Event: 2.949 Thread 0x000000001b82f800 Uncommon trap: reason=class_check action=maybe_recompile pc=0x0000000002c93c58 method=java.util.regex.Matcher.match(II)Z @ 86
Event: 2.956 Thread 0x000000001b82f800 Uncommon trap: reason=class_check action=maybe_recompile pc=0x0000000002c93c58 method=java.util.regex.Matcher.match(II)Z @ 86
Event: 2.956 Thread 0x000000001b82f800 Uncommon trap: reason=class_check action=maybe_recompile pc=0x0000000002c93c58 method=java.util.regex.Matcher.match(II)Z @ 86
Event: 2.957 Thread 0x000000001b82f800 Uncommon trap: reason=class_check action=maybe_recompile pc=0x0000000002b39f5c method=java.util.regex.Matcher.match(II)Z @ 86
Event: 3.126 Thread 0x000000001b82f800 Uncommon trap: reason=unstable_if action=reinterpret pc=0x0000000002e52bb4 method=java.lang.String.lastIndexOf([CII[CIII)I @ 66
Event: 3.167 Thread 0x000000001b82f800 Uncommon trap: reason=unstable_if action=reinterpret pc=0x0000000002e50a34 method=java.util.HashMap.putVal(ILjava/lang/Object;Ljava/lang/Object;ZZ)Ljava/lang/Object; @ 236

Classes redefined (0 events):
No events

Internal exceptions (10 events):
Event: 2.715 Thread 0x000000001b7fe000 Exception <a 'java/lang/NoSuchMethodError': <clinit>> (0x00000000e1bf5af8) thrown at [D:\src\AOSP-openjdk-cygwin\jdk8u\hotspot\src\share\vm\prims\jni.cpp, line 1614]
Event: 2.716 Thread 0x000000001b7fe000 Exception <a 'java/lang/NoSuchMethodError': <clinit>> (0x00000000e1c0daf0) thrown at [D:\src\AOSP-openjdk-cygwin\jdk8u\hotspot\src\share\vm\prims\jni.cpp, line 1614]
Event: 2.717 Thread 0x000000001b7fe000 Exception <a 'java/lang/NoSuchMethodError': <clinit>> (0x00000000e1c16780) thrown at [D:\src\AOSP-openjdk-cygwin\jdk8u\hotspot\src\share\vm\prims\jni.cpp, line 1614]
Event: 2.718 Thread 0x000000001b7fe000 Exception <a 'java/lang/NoSuchMethodError': <clinit>> (0x00000000e1c2cdc8) thrown at [D:\src\AOSP-openjdk-cygwin\jdk8u\hotspot\src\share\vm\prims\jni.cpp, line 1614]
Event: 2.726 Thread 0x000000001b7fe000 Exception <a 'java/lang/NoSuchMethodError': <clinit>> (0x00000000e1c95a38) thrown at [D:\src\AOSP-openjdk-cygwin\jdk8u\hotspot\src\share\vm\prims\jni.cpp, line 1614]
Event: 2.731 Thread 0x000000001b7fe000 Exception <a 'java/lang/NoSuchMethodError': <clinit>> (0x00000000e1cc2580) thrown at [D:\src\AOSP-openjdk-cygwin\jdk8u\hotspot\src\share\vm\prims\jni.cpp, line 1614]
Event: 2.735 Thread 0x000000001b7fe000 Exception <a 'java/lang/NoSuchMethodError': <clinit>> (0x00000000e1cdfee0) thrown at [D:\src\AOSP-openjdk-cygwin\jdk8u\hotspot\src\share\vm\prims\jni.cpp, line 1614]
Event: 3.112 Thread 0x000000001b82f800 Exception <a 'java/lang/NoSuchMethodError': java.lang.Object.lambda$and$0(Ljava/util/function/Predicate;Ljava/lang/Object;)Z> (0x00000000e0bd5740) thrown at [D:\src\AOSP-openjdk-cygwin\jdk8u\hotspot\src\share\vm\interpreter\linkResolver.cpp, line 620]
Event: 3.115 Thread 0x000000001b82f800 Exception <a 'java/lang/IncompatibleClassChangeError': Found class java.lang.Object, but interface was expected> (0x00000000e0beba28) thrown at [D:\src\AOSP-openjdk-cygwin\jdk8u\hotspot\src\share\vm\interpreter\linkResolver.cpp, line 653]
Event: 3.116 Thread 0x000000001b82f800 Exception <a 'java/lang/NoSuchMethodError': java.lang.Object.lambda$or$2(Ljava/util/function/Predicate;Ljava/lang/Object;)Z> (0x00000000e0bf0938) thrown at [D:\src\AOSP-openjdk-cygwin\jdk8u\hotspot\src\share\vm\interpreter\linkResolver.cpp, line 620]

Events (10 events):
Event: 3.229 loading class org/gradle/initialization/buildsrc/BuildSrcProjectConfigurationAction
Event: 3.229 loading class org/gradle/initialization/buildsrc/BuildSrcProjectConfigurationAction done
Event: 3.229 loading class org/gradle/configuration/project/PluginsProjectConfigureActions
Event: 3.229 loading class org/gradle/configuration/project/PluginsProjectConfigureActions done
Event: 3.230 loading class org/gradle/configuration/project/ProjectConfigureAction
Event: 3.230 loading class org/gradle/configuration/project/ProjectConfigureAction done
Event: 3.230 loading class org/gradle/api/internal/InternalAction
Event: 3.230 loading class org/gradle/api/internal/InternalAction done
Event: 3.230 loading class org/gradle/initialization/buildsrc/GroovyBuildSrcProjectConfigurationAction
Event: 3.230 loading class org/gradle/initialization/buildsrc/GroovyBuildSrcProjectConfigurationAction done


Dynamic libraries:
0x00007ff6532e0000 - 0x00007ff653311000 	C:\Program Files\Android\Android Studio\jre\bin\java.exe
0x00007fff8bf40000 - 0x00007fff8c130000 	C:\WINDOWS\SYSTEM32\ntdll.dll
0x00007fff8a190000 - 0x00007fff8a242000 	C:\WINDOWS\System32\KERNEL32.DLL
0x00007fff892a0000 - 0x00007fff89543000 	C:\WINDOWS\System32\KERNELBASE.dll
0x00007fff86fa0000 - 0x00007fff8702f000 	C:\WINDOWS\SYSTEM32\apphelp.dll
0x00007fff8bdf0000 - 0x00007fff8be93000 	C:\WINDOWS\System32\ADVAPI32.dll
0x00007fff8a700000 - 0x00007fff8a79e000 	C:\WINDOWS\System32\msvcrt.dll
0x00007fff8a2d0000 - 0x00007fff8a367000 	C:\WINDOWS\System32\sechost.dll
0x00007fff8a370000 - 0x00007fff8a490000 	C:\WINDOWS\System32\RPCRT4.dll
0x00007fff89ff0000 - 0x00007fff8a184000 	C:\WINDOWS\System32\USER32.dll
0x00007fff89270000 - 0x00007fff89291000 	C:\WINDOWS\System32\win32u.dll
0x00007fff8bb70000 - 0x00007fff8bb96000 	C:\WINDOWS\System32\GDI32.dll
0x00007fff890d0000 - 0x00007fff89264000 	C:\WINDOWS\System32\gdi32full.dll
0x00007fff89d50000 - 0x00007fff89dee000 	C:\WINDOWS\System32\msvcp_win.dll
0x00007fff88f40000 - 0x00007fff8903a000 	C:\WINDOWS\System32\ucrtbase.dll
0x00007fff7c590000 - 0x00007fff7c815000 	C:\WINDOWS\WinSxS\amd64_microsoft.windows.common-controls_6595b64144ccf1df_6.0.18362.657_none_e6c5b579130e3898\COMCTL32.dll
0x00007fff8a7a0000 - 0x00007fff8aad6000 	C:\WINDOWS\System32\combase.dll
0x00007fff89cd0000 - 0x00007fff89d50000 	C:\WINDOWS\System32\bcryptPrimitives.dll
0x00007fff8bb40000 - 0x00007fff8bb6e000 	C:\WINDOWS\System32\IMM32.DLL
0x0000000054200000 - 0x00000000542d2000 	C:\Program Files\Android\Android Studio\jre\jre\bin\msvcr100.dll
0x00000000543c0000 - 0x0000000054c06000 	C:\Program Files\Android\Android Studio\jre\jre\bin\server\jvm.dll
0x00007fff8b430000 - 0x00007fff8b438000 	C:\WINDOWS\System32\PSAPI.DLL
0x00007fff724a0000 - 0x00007fff724a9000 	C:\WINDOWS\SYSTEM32\WSOCK32.dll
0x00007fff84210000 - 0x00007fff8421a000 	C:\WINDOWS\SYSTEM32\VERSION.dll
0x00007fff8a690000 - 0x00007fff8a6ff000 	C:\WINDOWS\System32\WS2_32.dll
0x00007fff7d650000 - 0x00007fff7d674000 	C:\WINDOWS\SYSTEM32\WINMM.dll
0x00007fff7d620000 - 0x00007fff7d64d000 	C:\WINDOWS\SYSTEM32\winmmbase.dll
0x00007fff88ed0000 - 0x00007fff88f1a000 	C:\WINDOWS\System32\cfgmgr32.dll
0x00007fff85800000 - 0x00007fff8580f000 	C:\Program Files\Android\Android Studio\jre\jre\bin\verify.dll
0x00007fff843f0000 - 0x00007fff84419000 	C:\Program Files\Android\Android Studio\jre\jre\bin\java.dll
0x00007fff844d0000 - 0x00007fff844e6000 	C:\Program Files\Android\Android Studio\jre\jre\bin\zip.dll
0x00007fff8b450000 - 0x00007fff8bb35000 	C:\WINDOWS\System32\SHELL32.dll
0x00007fff8bd40000 - 0x00007fff8bde9000 	C:\WINDOWS\System32\shcore.dll
0x00007fff89550000 - 0x00007fff89ccf000 	C:\WINDOWS\System32\windows.storage.dll
0x00007fff88eb0000 - 0x00007fff88ecf000 	C:\WINDOWS\System32\profapi.dll
0x00007fff88e40000 - 0x00007fff88e8a000 	C:\WINDOWS\System32\powrprof.dll
0x00007fff88e10000 - 0x00007fff88e20000 	C:\WINDOWS\System32\UMPDC.dll
0x00007fff8ae30000 - 0x00007fff8ae82000 	C:\WINDOWS\System32\shlwapi.dll
0x00007fff88e20000 - 0x00007fff88e31000 	C:\WINDOWS\System32\kernel.appcore.dll
0x00007fff88f20000 - 0x00007fff88f37000 	C:\WINDOWS\System32\cryptsp.dll
0x00007fff84320000 - 0x00007fff8433a000 	C:\Program Files\Android\Android Studio\jre\jre\bin\net.dll
0x00007fff79b00000 - 0x00007fff79cd6000 	C:\WINDOWS\SYSTEM32\urlmon.dll
0x00007fff79250000 - 0x00007fff794f6000 	C:\WINDOWS\SYSTEM32\iertutil.dll
0x00007fff88850000 - 0x00007fff8885c000 	C:\WINDOWS\SYSTEM32\CRYPTBASE.DLL
0x00007fff88680000 - 0x00007fff886e7000 	C:\WINDOWS\system32\mswsock.dll
0x00007fff84300000 - 0x00007fff84313000 	C:\Program Files\Android\Android Studio\jre\jre\bin\nio.dll
0x00007fff70370000 - 0x00007fff70396000 	C:\Users\Gunter\.gradle\native\30\windows-amd64\native-platform.dll
0x00007fff84470000 - 0x00007fff8447d000 	C:\Program Files\Android\Android Studio\jre\jre\bin\management.dll
0x00007fff881f0000 - 0x00007fff88223000 	C:\WINDOWS\system32\rsaenh.dll
0x00007fff89040000 - 0x00007fff89066000 	C:\WINDOWS\System32\bcrypt.dll
0x00007fff88d00000 - 0x00007fff88d25000 	C:\WINDOWS\SYSTEM32\USERENV.dll
0x00007fff88390000 - 0x00007fff883ca000 	C:\WINDOWS\SYSTEM32\IPHLPAPI.DLL
0x00007fff8a610000 - 0x00007fff8a618000 	C:\WINDOWS\System32\NSI.dll
0x00007fff83e80000 - 0x00007fff83e96000 	C:\WINDOWS\SYSTEM32\dhcpcsvc6.DLL
0x00007fff836d0000 - 0x00007fff836ec000 	C:\WINDOWS\SYSTEM32\dhcpcsvc.DLL
0x00007fff883d0000 - 0x00007fff8849a000 	C:\WINDOWS\SYSTEM32\DNSAPI.dll

VM Arguments:
jvm_args: -Xmx1536M -Dfile.encoding=windows-1252 -Duser.country=GB -Duser.language=en -Duser.variant 
java_command: org.gradle.launcher.daemon.bootstrap.GradleDaemon 5.6.4
java_class_path (initial): C:\Users\Gunter\.gradle\wrapper\dists\gradle-5.6.4-all\ankdp27end7byghfw1q2sw75f\gradle-5.6.4\lib\gradle-launcher-5.6.4.jar
Launcher Type: SUN_STANDARD

Environment Variables:
PATH=C:\Windows\System32;C:\Program Files\PuTTY\;C:\Program Files\NVIDIA Corporation\NVIDIA NvDLISR;C:\Windows\System32\WindowsPowerShell\v1.0;C:\Program Files\Java\jdk-11.0.4\bin;
USERNAME=Gunter
OS=Windows_NT
PROCESSOR_IDENTIFIER=Intel64 Family 6 Model 158 Stepping 10, GenuineIntel



---------------  S Y S T E M  ---------------

OS: Windows 10.0 , 64 bit Build 18362 (10.0.18362.329)

CPU:total 12 (initial active 12) (6 cores per cpu, 2 threads per core) family 6 model 158 stepping 10, cmov, cx8, fxsr, mmx, sse, sse2, sse3, ssse3, sse4.1, sse4.2, popcnt, avx, avx2, aes, clmul, erms, 3dnowpref, lzcnt, ht, tsc, tscinvbit, bmi1, bmi2, adx

Memory: 4k page, physical 16616412k(7299812k free), swap 47703640k(5124k free)

vm_info: OpenJDK 64-Bit Server VM (25.212-b04) for windows-amd64 JRE (1.8.0_212-release-1586-b04), built by "builder" with MS VC++ 10.0 (VS2010)

time: Tue Mar 03 09:02:28 2020
timezone: W. Europe Standard Time
elapsed time: 3 seconds (0d 0h 0m 3s)

