#
# There is insufficient memory for the Java Runtime Environment to continue.
# Native memory allocation (malloc) failed to allocate 1874416 bytes for Chunk::new
# Possible reasons:
#   The system is out of physical RAM or swap space
#   The process is running with CompressedOops enabled, and the Java Heap may be blocking the growth of the native heap
# Possible solutions:
#   Reduce memory load on the system
#   Increase physical memory or swap space
#   Check if swap backing store is full
#   Decrease Java heap size (-Xmx/-Xms)
#   Decrease number of Java threads
#   Decrease Java thread stack sizes (-Xss)
#   Set larger code cache with -XX:ReservedCodeCacheSize=
#   JVM is running with Unscaled Compressed Oops mode in which the Java heap is
#     placed in the first 4GB address space. The Java Heap base address is the
#     maximum limit for the native heap growth. Please use -XX:HeapBaseMinAddress
#     to set the Java Heap base and to place the Java Heap above 4GB virtual address.
# This output file may be truncated or incomplete.
#
#  Out of Memory Error (allocation.cpp:389), pid=23248, tid=0x0000000000001a80
#
# JRE version: OpenJDK Runtime Environment (8.0_212-b04) (build 1.8.0_212-release-1586-b04)
# Java VM: OpenJDK 64-Bit Server VM (25.212-b04 mixed mode windows-amd64 compressed oops)
# Failed to write core dump. Minidumps are not enabled by default on client versions of Windows
#

---------------  T H R E A D  ---------------

Current thread (0x000000001984b000):  JavaThread "C2 CompilerThread0" daemon [_thread_in_native, id=6784, stack(0x000000001aec0000,0x000000001afc0000)]

Stack: [0x000000001aec0000,0x000000001afc0000]
[error occurred during error reporting (printing stack bounds), id 0xc0000005]

Native frames: (J=compiled Java code, j=interpreted, Vv=VM code, C=native code)


Current CompileTask:
C2:  86023 22799       4       com.android.tools.r8.B.a.a.f::a (6094 bytes)


---------------  P R O C E S S  ---------------

Java Threads: ( => current thread )
  0x0000000034234800 JavaThread "ForkJoinPool.commonPool-worker-10" daemon [_thread_blocked, id=20860, stack(0x0000000036e80000,0x0000000036f80000)]
  0x0000000034237000 JavaThread "ForkJoinPool.commonPool-worker-3" daemon [_thread_blocked, id=18112, stack(0x0000000036d80000,0x0000000036e80000)]
  0x0000000034231000 JavaThread "ForkJoinPool.commonPool-worker-1" daemon [_thread_blocked, id=20896, stack(0x0000000036c80000,0x0000000036d80000)]
  0x0000000034231800 JavaThread "ForkJoinPool.commonPool-worker-8" daemon [_thread_blocked, id=19660, stack(0x0000000036b80000,0x0000000036c80000)]
  0x0000000034233000 JavaThread "ForkJoinPool.commonPool-worker-13" daemon [_thread_blocked, id=15872, stack(0x0000000036a80000,0x0000000036b80000)]
  0x0000000034232800 JavaThread "ForkJoinPool.commonPool-worker-15" daemon [_thread_blocked, id=7960, stack(0x0000000036980000,0x0000000036a80000)]
  0x0000000034228800 JavaThread "ForkJoinPool.commonPool-worker-6" daemon [_thread_blocked, id=10760, stack(0x0000000036880000,0x0000000036980000)]
  0x000000003422f800 JavaThread "ForkJoinPool.commonPool-worker-4" daemon [_thread_blocked, id=3056, stack(0x0000000036780000,0x0000000036880000)]
  0x0000000034228000 JavaThread "ForkJoinPool.commonPool-worker-2" daemon [_thread_blocked, id=8688, stack(0x0000000035980000,0x0000000035a80000)]
  0x000000003422c800 JavaThread "ForkJoinPool.commonPool-worker-9" daemon [_thread_blocked, id=15792, stack(0x000000002fd70000,0x000000002fe70000)]
  0x000000003422b800 JavaThread "WorkerExecutor Queue Thread 18" [_thread_blocked, id=18144, stack(0x0000000036040000,0x0000000036140000)]
  0x000000003422d000 JavaThread "WorkerExecutor Queue Thread 17" [_thread_blocked, id=21164, stack(0x0000000035f40000,0x0000000036040000)]
  0x000000003422a000 JavaThread "WorkerExecutor Queue Thread 16" [_thread_blocked, id=23524, stack(0x0000000035e40000,0x0000000035f40000)]
  0x000000001db22000 JavaThread "WorkerExecutor Queue Thread 12" [_thread_blocked, id=2896, stack(0x000000002e360000,0x000000002e460000)]
  0x000000001db26800 JavaThread "WorkerExecutor Queue Thread 11" [_thread_blocked, id=17464, stack(0x000000002e160000,0x000000002e260000)]
  0x000000002061b800 JavaThread "Cache worker for Java compile cache (D:\Documents\IdeaProjects\MyZoo\.gradle\5.6.4\javaCompile)" [_thread_blocked, id=20488, stack(0x000000002de60000,0x000000002df60000)]
  0x000000002061b000 JavaThread "Cache worker for Java compile cache (C:\Users\Gunter\.gradle\caches\5.6.4\javaCompile)" [_thread_blocked, id=18576, stack(0x000000002b870000,0x000000002b970000)]
  0x0000000020618000 JavaThread "WorkerExecutor Queue Thread 10" [_thread_blocked, id=660, stack(0x000000002d9d0000,0x000000002dad0000)]
  0x0000000020613800 JavaThread "stdout" [_thread_in_native, id=7788, stack(0x000000002e8a0000,0x000000002e9a0000)]
  0x0000000020615000 JavaThread "stderr" [_thread_in_native, id=19956, stack(0x000000002e7a0000,0x000000002e8a0000)]
  0x0000000020614000 JavaThread "stdout" [_thread_in_native, id=9220, stack(0x000000002e6a0000,0x000000002e7a0000)]
  0x0000000020616800 JavaThread "stderr" [_thread_in_native, id=19080, stack(0x000000002e5a0000,0x000000002e6a0000)]
  0x0000000020611000 JavaThread "WorkerExecutor Queue Thread 9" [_thread_blocked, id=18928, stack(0x000000002e4a0000,0x000000002e5a0000)]
  0x0000000020617000 JavaThread "WorkerExecutor Queue Thread 8" [_thread_blocked, id=14372, stack(0x000000002e260000,0x000000002e360000)]
  0x000000001fe18000 JavaThread "WorkerExecutor Queue Thread 3" [_thread_blocked, id=16532, stack(0x000000002dd60000,0x000000002de60000)]
  0x000000001fe17000 JavaThread "stdout" [_thread_in_native, id=9680, stack(0x000000002d6d0000,0x000000002d7d0000)]
  0x000000001fe19800 JavaThread "stderr" [_thread_in_native, id=20908, stack(0x000000002d5d0000,0x000000002d6d0000)]
  0x000000001fe1c800 JavaThread "stdout" [_thread_in_native, id=20656, stack(0x000000002d4d0000,0x000000002d5d0000)]
  0x000000001fe1b800 JavaThread "stderr" [_thread_in_native, id=15844, stack(0x000000002d3d0000,0x000000002d4d0000)]
  0x000000001fe1b000 JavaThread "stdout" [_thread_in_native, id=14704, stack(0x000000002d2d0000,0x000000002d3d0000)]
  0x000000001fe18800 JavaThread "stderr" [_thread_in_native, id=11428, stack(0x000000002d1d0000,0x000000002d2d0000)]
  0x000000001fe0f000 JavaThread "stdout" [_thread_in_native, id=19272, stack(0x000000002d0d0000,0x000000002d1d0000)]
  0x000000001fe13800 JavaThread "stderr" [_thread_in_native, id=3676, stack(0x000000002cfd0000,0x000000002d0d0000)]
  0x000000001fe12800 JavaThread "stdout" [_thread_in_native, id=5036, stack(0x000000002be70000,0x000000002bf70000)]
  0x000000001fe12000 JavaThread "stderr" [_thread_in_native, id=4252, stack(0x000000002bb70000,0x000000002bc70000)]
  0x000000001fe14000 JavaThread "stdout" [_thread_in_native, id=1212, stack(0x000000002ba70000,0x000000002bb70000)]
  0x000000001fe11000 JavaThread "stderr" [_thread_in_native, id=6636, stack(0x000000002b970000,0x000000002ba70000)]
  0x000000001fe10800 JavaThread "pool-18-thread-1" [_thread_blocked, id=20788, stack(0x000000002bd70000,0x000000002be70000)]
  0x000000001fe0f800 JavaThread "Cache worker for execution history cache (D:\Documents\IdeaProjects\MyZoo\.gradle\5.6.4\executionHistory)" [_thread_blocked, id=14888, stack(0x000000002bc70000,0x000000002bd70000)]
  0x000000001fe0e000 JavaThread "Execution worker for ':' Thread 11" [_thread_blocked, id=21124, stack(0x000000002b570000,0x000000002b670000)]
  0x000000001d55c800 JavaThread "Execution worker for ':' Thread 10" [_thread_blocked, id=21100, stack(0x000000002b470000,0x000000002b570000)]
  0x000000001d55b800 JavaThread "Execution worker for ':' Thread 9" [_thread_blocked, id=6120, stack(0x000000002b370000,0x000000002b470000)]
  0x000000001d55b000 JavaThread "Execution worker for ':' Thread 8" [_thread_blocked, id=14652, stack(0x000000002b270000,0x000000002b370000)]
  0x000000001d558800 JavaThread "Execution worker for ':' Thread 7" [_thread_blocked, id=5756, stack(0x000000002b170000,0x000000002b270000)]
  0x0000000022119800 JavaThread "Execution worker for ':' Thread 6" [_thread_blocked, id=18788, stack(0x000000002b070000,0x000000002b170000)]
  0x000000002211a800 JavaThread "Execution worker for ':' Thread 5" [_thread_blocked, id=18560, stack(0x000000002af70000,0x000000002b070000)]
  0x000000002211c800 JavaThread "Execution worker for ':' Thread 4" [_thread_blocked, id=9852, stack(0x000000002ae70000,0x000000002af70000)]
  0x000000002211d800 JavaThread "Execution worker for ':' Thread 3" [_thread_in_Java, id=23352, stack(0x000000002ad70000,0x000000002ae70000)]
  0x000000002211c000 JavaThread "Execution worker for ':' Thread 2" [_thread_blocked, id=5768, stack(0x000000002ac70000,0x000000002ad70000)]
  0x000000002211e000 JavaThread "Execution worker for ':'" [_thread_blocked, id=15916, stack(0x000000002ab70000,0x000000002ac70000)]
  0x000000002211b000 JavaThread "Cache worker for file content cache (D:\Documents\IdeaProjects\MyZoo\.gradle\5.6.4\fileContent)" [_thread_blocked, id=2516, stack(0x000000002aa70000,0x000000002ab70000)]
  0x0000000022111800 JavaThread "Cache worker for Build Output Cleanup Cache (D:\Documents\IdeaProjects\MyZoo\.gradle\buildOutputCleanup)" [_thread_blocked, id=21772, stack(0x000000002a970000,0x000000002aa70000)]
  0x0000000022115000 JavaThread "Build operations Thread 12" [_thread_blocked, id=1304, stack(0x0000000029e60000,0x0000000029f60000)]
  0x0000000022118000 JavaThread "Build operations Thread 11" [_thread_blocked, id=12056, stack(0x0000000029860000,0x0000000029960000)]
  0x0000000022116800 JavaThread "Build operations Thread 10" [_thread_blocked, id=15192, stack(0x0000000029760000,0x0000000029860000)]
  0x0000000022116000 JavaThread "Build operations Thread 9" [_thread_blocked, id=17012, stack(0x0000000029440000,0x0000000029540000)]
  0x0000000022117800 JavaThread "Build operations Thread 8" [_thread_blocked, id=15672, stack(0x0000000029340000,0x0000000029440000)]
  0x0000000022113800 JavaThread "Build operations Thread 7" [_thread_blocked, id=3000, stack(0x0000000029240000,0x0000000029340000)]
  0x0000000022113000 JavaThread "Build operations Thread 6" [_thread_blocked, id=23348, stack(0x0000000028f40000,0x0000000029040000)]
  0x000000002210f000 JavaThread "Build operations Thread 5" [_thread_blocked, id=22752, stack(0x0000000028d40000,0x0000000028e40000)]
  0x0000000022110800 JavaThread "Build operations Thread 4" [_thread_blocked, id=21860, stack(0x0000000028c40000,0x0000000028d40000)]
  0x0000000022114800 JavaThread "Build operations Thread 3" [_thread_blocked, id=22584, stack(0x0000000027fd0000,0x00000000280d0000)]
  0x000000001db31000 JavaThread "Build operations Thread 2" [_thread_blocked, id=12904, stack(0x0000000027b60000,0x0000000027c60000)]
  0x000000001db30800 JavaThread "Build operations" [_thread_blocked, id=3280, stack(0x0000000027830000,0x0000000027930000)]
  0x000000001db2f800 JavaThread "Cache worker for cache directory md-rule (C:\Users\Gunter\.gradle\caches\5.6.4\md-rule)" [_thread_blocked, id=13084, stack(0x0000000025890000,0x0000000025990000)]
  0x000000001db2d800 JavaThread "Cache worker for cache directory md-supplier (C:\Users\Gunter\.gradle\caches\5.6.4\md-supplier)" [_thread_blocked, id=14896, stack(0x0000000025190000,0x0000000025290000)]
  0x000000001db2f000 JavaThread "Cache worker for file hash cache (D:\Documents\IdeaProjects\MyZoo\.gradle\5.6.4\fileHashes)" [_thread_blocked, id=17572, stack(0x0000000025090000,0x0000000025190000)]
  0x000000001db2c800 JavaThread "Thread-88" [_thread_blocked, id=12172, stack(0x0000000024ce0000,0x0000000024de0000)]
  0x000000001db2c000 JavaThread "Stdin handler" [_thread_blocked, id=4668, stack(0x0000000024be0000,0x0000000024ce0000)]
  0x000000001db23800 JavaThread "Asynchronous log dispatcher for DefaultDaemonConnection: socket connection from /127.0.0.1:45941 to /127.0.0.1:46028" [_thread_blocked, id=19284, stack(0x0000000021580000,0x0000000021680000)]
  0x000000001db25000 JavaThread "Cancel handler" [_thread_blocked, id=9228, stack(0x000000001ede0000,0x000000001eee0000)]
  0x000000001db24800 JavaThread "Handler for socket connection from /127.0.0.1:45941 to /127.0.0.1:46028" [_thread_in_native, id=2780, stack(0x0000000000fd0000,0x00000000010d0000)]
  0x0000000022112000 JavaThread "Cache worker for file content cache (C:\Users\Gunter\.gradle\caches\5.6.4\fileContent)" [_thread_blocked, id=12792, stack(0x0000000028e40000,0x0000000028f40000)]
  0x000000001db2b000 JavaThread "Memory manager" [_thread_blocked, id=10032, stack(0x0000000027cd0000,0x0000000027dd0000)]
  0x000000001d557000 JavaThread "Cache worker for execution history cache (C:\Users\Gunter\.gradle\caches\5.6.4\executionHistory)" [_thread_blocked, id=22256, stack(0x0000000022eb0000,0x0000000022fb0000)]
  0x000000001d555800 JavaThread "Cache worker for journal cache (C:\Users\Gunter\.gradle\caches\journal-1)" [_thread_blocked, id=3764, stack(0x000000001f0e0000,0x000000001f1e0000)]
  0x000000001d558000 JavaThread "File lock request listener" [_thread_in_native, id=21700, stack(0x000000001efe0000,0x000000001f0e0000)]
  0x000000001d576800 JavaThread "Cache worker for file hash cache (C:\Users\Gunter\.gradle\caches\5.6.4\fileHashes)" [_thread_blocked, id=21816, stack(0x000000001eee0000,0x000000001efe0000)]
  0x000000001d223000 JavaThread "Daemon worker" [_thread_blocked, id=18696, stack(0x000000001eae0000,0x000000001ebe0000)]
  0x000000001d291000 JavaThread "Daemon" [_thread_blocked, id=20068, stack(0x000000001e5e0000,0x000000001e6e0000)]
  0x000000001d1e0800 JavaThread "Daemon periodic checks" [_thread_blocked, id=16380, stack(0x000000001e4e0000,0x000000001e5e0000)]
  0x000000001d225800 JavaThread "Incoming local TCP Connector on port 45941" [_thread_in_native, id=13056, stack(0x000000001e2a0000,0x000000001e3a0000)]
  0x000000001d0e5000 JavaThread "Daemon health stats" [_thread_blocked, id=21660, stack(0x000000001dc60000,0x000000001dd60000)]
  0x00000000198dd800 JavaThread "Service Thread" daemon [_thread_blocked, id=15048, stack(0x000000001b2c0000,0x000000001b3c0000)]
  0x0000000019859000 JavaThread "C1 CompilerThread3" daemon [_thread_blocked, id=1616, stack(0x000000001b1c0000,0x000000001b2c0000)]
  0x000000001817e000 JavaThread "C2 CompilerThread2" daemon [_thread_in_native, id=15716, stack(0x000000001b0c0000,0x000000001b1c0000)]
  0x0000000019854800 JavaThread "C2 CompilerThread1" daemon [_thread_in_native, id=9060, stack(0x000000001afc0000,0x000000001b0c0000)]
=>0x000000001984b000 JavaThread "C2 CompilerThread0" daemon [_thread_in_native, id=6784, stack(0x000000001aec0000,0x000000001afc0000)]
  0x000000001984a000 JavaThread "Attach Listener" daemon [_thread_blocked, id=22932, stack(0x000000001adc0000,0x000000001aec0000)]
  0x0000000019857800 JavaThread "Signal Dispatcher" daemon [_thread_blocked, id=19656, stack(0x000000001acc0000,0x000000001adc0000)]
  0x000000001816d000 JavaThread "Finalizer" daemon [_thread_blocked, id=16776, stack(0x000000001aac0000,0x000000001abc0000)]
  0x0000000019843000 JavaThread "Reference Handler" daemon [_thread_blocked, id=19704, stack(0x000000001a9c0000,0x000000001aac0000)]
  0x0000000000ebd800 JavaThread "main" [_thread_blocked, id=8116, stack(0x0000000002c70000,0x0000000002d70000)]

Other Threads:
  0x0000000018166000 VMThread [stack: 0x000000001a8c0000,0x000000001a9c0000] [id=3176]
  0x00000000198de800 WatcherThread [stack: 0x000000001b3c0000,0x000000001b4c0000] [id=7728]

VM state:not at safepoint (normal execution)

VM Mutex/Monitor currently owned by a thread: None

heap address: 0x0000000080000000, size: 2048 MB, Compressed Oops mode: 32-bit
Narrow klass base: 0x0000000000000000, Narrow klass shift: 3
Compressed class space size: 1073741824 Address: 0x0000000100000000

Heap:
 PSYoungGen      total 617472K, used 477643K [0x00000000d5580000, 0x00000000ff780000, 0x0000000100000000)
  eden space 545792K, 82% used [0x00000000d5580000,0x00000000f0c99da0,0x00000000f6a80000)
  from space 71680K, 39% used [0x00000000fb180000,0x00000000fccd90f8,0x00000000ff780000)
  to   space 72192K, 0% used [0x00000000f6a80000,0x00000000f6a80000,0x00000000fb100000)
 ParOldGen       total 339456K, used 104873K [0x0000000080000000, 0x0000000094b80000, 0x00000000d5580000)
  object space 339456K, 30% used [0x0000000080000000,0x000000008666a5b0,0x0000000094b80000)
 Metaspace       used 124384K, capacity 131537K, committed 131840K, reserved 1163264K
  class space    used 16198K, capacity 17604K, committed 17664K, reserved 1048576K

Card table byte_map: [0x00000000122c0000,0x00000000126d0000] byte_map_base: 0x0000000011ec0000

Marking Bits: (ParMarkBitMap*) 0x0000000054b89f30
 Begin Bits: [0x0000000013380000, 0x0000000015380000)
 End Bits:   [0x0000000015380000, 0x0000000017380000)

Polling page: 0x0000000001430000

CodeCache: size=245760Kb used=62082Kb max_used=63146Kb free=183677Kb
 bounds [0x0000000002f00000, 0x0000000006d30000, 0x0000000011f00000]
 total_blobs=19409 nmethods=18474 adapters=843
 compilation: enabled

Compilation events (10 events):
Event: 85.998 Thread 0x0000000019859000 23165       2       com.android.tools.r8.v.a.a.a.h.M$c::iterator (5 bytes)
Event: 85.998 Thread 0x0000000019859000 nmethod 23165 0x0000000006515b50 code [0x0000000006515cc0, 0x0000000006515ec8]
Event: 86.004 Thread 0x0000000019859000 23166       2       com.android.tools.r8.v.a.a.a.h.P0$c::iterator (12 bytes)
Event: 86.004 Thread 0x0000000019859000 nmethod 23166 0x0000000006552050 code [0x00000000065521c0, 0x00000000065523a8]
Event: 86.004 Thread 0x0000000019859000 23167       2       com.android.tools.r8.v.a.a.a.h.P0$b::<init> (12 bytes)
Event: 86.005 Thread 0x0000000019859000 nmethod 23167 0x0000000004d028d0 code [0x0000000004d02a40, 0x0000000004d02bc8]
Event: 86.005 Thread 0x0000000019859000 23168       2       com.android.tools.r8.v.a.a.a.h.P0$f::<init> (6 bytes)
Event: 86.005 Thread 0x0000000019859000 nmethod 23168 0x00000000064a8990 code [0x00000000064a8b00, 0x00000000064a8c68]
Event: 86.005 Thread 0x0000000019859000 23169       2       com.android.tools.r8.v.a.a.a.h.P0$f::<init> (41 bytes)
Event: 86.005 Thread 0x0000000019859000 nmethod 23169 0x0000000004d024d0 code [0x0000000004d02620, 0x0000000004d027b0]

GC Heap History (10 events):
Event: 81.527 GC heap before
{Heap before GC invocations=28 (full 4):
 PSYoungGen      total 385536K, used 380522K [0x00000000d5580000, 0x00000000f5900000, 0x0000000100000000)
  eden space 327680K, 100% used [0x00000000d5580000,0x00000000e9580000,0x00000000e9580000)
  from space 57856K, 91% used [0x00000000e9580000,0x00000000ec91abd8,0x00000000ece00000)
  to   space 64000K, 0% used [0x00000000f1a80000,0x00000000f1a80000,0x00000000f5900000)
 ParOldGen       total 339456K, used 74021K [0x0000000080000000, 0x0000000094b80000, 0x00000000d5580000)
  object space 339456K, 21% used [0x0000000080000000,0x00000000848496d8,0x0000000094b80000)
 Metaspace       used 123544K, capacity 130697K, committed 131072K, reserved 1163264K
  class space    used 16121K, capacity 17542K, committed 17664K, reserved 1048576K
Event: 81.557 GC heap after
Heap after GC invocations=28 (full 4):
 PSYoungGen      total 459264K, used 51203K [0x00000000d5580000, 0x00000000f6600000, 0x0000000100000000)
  eden space 395264K, 0% used [0x00000000d5580000,0x00000000d5580000,0x00000000ed780000)
  from space 64000K, 80% used [0x00000000f1a80000,0x00000000f4c80d30,0x00000000f5900000)
  to   space 68608K, 0% used [0x00000000ed780000,0x00000000ed780000,0x00000000f1a80000)
 ParOldGen       total 339456K, used 74029K [0x0000000080000000, 0x0000000094b80000, 0x00000000d5580000)
  object space 339456K, 21% used [0x0000000080000000,0x000000008484b6d8,0x0000000094b80000)
 Metaspace       used 123544K, capacity 130697K, committed 131072K, reserved 1163264K
  class space    used 16121K, capacity 17542K, committed 17664K, reserved 1048576K
}
Event: 81.992 GC heap before
{Heap before GC invocations=29 (full 4):
 PSYoungGen      total 459264K, used 446467K [0x00000000d5580000, 0x00000000f6600000, 0x0000000100000000)
  eden space 395264K, 100% used [0x00000000d5580000,0x00000000ed780000,0x00000000ed780000)
  from space 64000K, 80% used [0x00000000f1a80000,0x00000000f4c80d30,0x00000000f5900000)
  to   space 68608K, 0% used [0x00000000ed780000,0x00000000ed780000,0x00000000f1a80000)
 ParOldGen       total 339456K, used 74029K [0x0000000080000000, 0x0000000094b80000, 0x00000000d5580000)
  object space 339456K, 21% used [0x0000000080000000,0x000000008484b6d8,0x0000000094b80000)
 Metaspace       used 124077K, capacity 131195K, committed 131328K, reserved 1163264K
  class space    used 16186K, capacity 17603K, committed 17664K, reserved 1048576K
Event: 82.028 GC heap after
Heap after GC invocations=29 (full 4):
 PSYoungGen      total 463872K, used 67418K [0x00000000d5580000, 0x00000000fb680000, 0x0000000100000000)
  eden space 395264K, 0% used [0x00000000d5580000,0x00000000d5580000,0x00000000ed780000)
  from space 68608K, 98% used [0x00000000ed780000,0x00000000f1956858,0x00000000f1a80000)
  to   space 77824K, 0% used [0x00000000f6a80000,0x00000000f6a80000,0x00000000fb680000)
 ParOldGen       total 339456K, used 81671K [0x0000000080000000, 0x0000000094b80000, 0x00000000d5580000)
  object space 339456K, 24% used [0x0000000080000000,0x0000000084fc1f10,0x0000000094b80000)
 Metaspace       used 124077K, capacity 131195K, committed 131328K, reserved 1163264K
  class space    used 16186K, capacity 17603K, committed 17664K, reserved 1048576K
}
Event: 82.686 GC heap before
{Heap before GC invocations=30 (full 4):
 PSYoungGen      total 463872K, used 462682K [0x00000000d5580000, 0x00000000fb680000, 0x0000000100000000)
  eden space 395264K, 100% used [0x00000000d5580000,0x00000000ed780000,0x00000000ed780000)
  from space 68608K, 98% used [0x00000000ed780000,0x00000000f1956858,0x00000000f1a80000)
  to   space 77824K, 0% used [0x00000000f6a80000,0x00000000f6a80000,0x00000000fb680000)
 ParOldGen       total 339456K, used 81671K [0x0000000080000000, 0x0000000094b80000, 0x00000000d5580000)
  object space 339456K, 24% used [0x0000000080000000,0x0000000084fc1f10,0x0000000094b80000)
 Metaspace       used 124272K, capacity 131473K, committed 131584K, reserved 1163264K
  class space    used 16196K, capacity 17604K, committed 17664K, reserved 1048576K
Event: 82.720 GC heap after
Heap after GC invocations=30 (full 4):
 PSYoungGen      total 544768K, used 46657K [0x00000000d5580000, 0x00000000fb600000, 0x0000000100000000)
  eden space 467456K, 0% used [0x00000000d5580000,0x00000000d5580000,0x00000000f1e00000)
  from space 77312K, 60% used [0x00000000f6a80000,0x00000000f9810578,0x00000000fb600000)
  to   space 77824K, 0% used [0x00000000f1e00000,0x00000000f1e00000,0x00000000f6a00000)
 ParOldGen       total 339456K, used 91502K [0x0000000080000000, 0x0000000094b80000, 0x00000000d5580000)
  object space 339456K, 26% used [0x0000000080000000,0x000000008595bb88,0x0000000094b80000)
 Metaspace       used 124272K, capacity 131473K, committed 131584K, reserved 1163264K
  class space    used 16196K, capacity 17604K, committed 17664K, reserved 1048576K
}
Event: 83.353 GC heap before
{Heap before GC invocations=31 (full 4):
 PSYoungGen      total 544768K, used 514113K [0x00000000d5580000, 0x00000000fb600000, 0x0000000100000000)
  eden space 467456K, 100% used [0x00000000d5580000,0x00000000f1e00000,0x00000000f1e00000)
  from space 77312K, 60% used [0x00000000f6a80000,0x00000000f9810578,0x00000000fb600000)
  to   space 77824K, 0% used [0x00000000f1e00000,0x00000000f1e00000,0x00000000f6a00000)
 ParOldGen       total 339456K, used 91502K [0x0000000080000000, 0x0000000094b80000, 0x00000000d5580000)
  object space 339456K, 26% used [0x0000000080000000,0x000000008595bb88,0x0000000094b80000)
 Metaspace       used 124304K, capacity 131473K, committed 131584K, reserved 1163264K
  class space    used 16198K, capacity 17604K, committed 17664K, reserved 1048576K
Event: 83.379 GC heap after
Heap after GC invocations=31 (full 4):
 PSYoungGen      total 545280K, used 38856K [0x00000000d5580000, 0x00000000ffa80000, 0x0000000100000000)
  eden space 467456K, 0% used [0x00000000d5580000,0x00000000d5580000,0x00000000f1e00000)
  from space 77824K, 49% used [0x00000000f1e00000,0x00000000f43f23b0,0x00000000f6a00000)
  to   space 74752K, 0% used [0x00000000fb180000,0x00000000fb180000,0x00000000ffa80000)
 ParOldGen       total 339456K, used 96080K [0x0000000080000000, 0x0000000094b80000, 0x00000000d5580000)
  object space 339456K, 28% used [0x0000000080000000,0x0000000085dd43d8,0x0000000094b80000)
 Metaspace       used 124304K, capacity 131473K, committed 131584K, reserved 1163264K
  class space    used 16198K, capacity 17604K, committed 17664K, reserved 1048576K
}
Event: 84.346 GC heap before
{Heap before GC invocations=32 (full 4):
 PSYoungGen      total 545280K, used 506312K [0x00000000d5580000, 0x00000000ffa80000, 0x0000000100000000)
  eden space 467456K, 100% used [0x00000000d5580000,0x00000000f1e00000,0x00000000f1e00000)
  from space 77824K, 49% used [0x00000000f1e00000,0x00000000f43f23b0,0x00000000f6a00000)
  to   space 74752K, 0% used [0x00000000fb180000,0x00000000fb180000,0x00000000ffa80000)
 ParOldGen       total 339456K, used 96080K [0x0000000080000000, 0x0000000094b80000, 0x00000000d5580000)
  object space 339456K, 28% used [0x0000000080000000,0x0000000085dd43d8,0x0000000094b80000)
 Metaspace       used 124336K, capacity 131473K, committed 131584K, reserved 1163264K
  class space    used 16198K, capacity 17604K, committed 17664K, reserved 1048576K
Event: 84.374 GC heap after
Heap after GC invocations=32 (full 4):
 PSYoungGen      total 617472K, used 28004K [0x00000000d5580000, 0x00000000ff780000, 0x0000000100000000)
  eden space 545792K, 0% used [0x00000000d5580000,0x00000000d5580000,0x00000000f6a80000)
  from space 71680K, 39% used [0x00000000fb180000,0x00000000fccd90f8,0x00000000ff780000)
  to   space 72192K, 0% used [0x00000000f6a80000,0x00000000f6a80000,0x00000000fb100000)
 ParOldGen       total 339456K, used 104873K [0x0000000080000000, 0x0000000094b80000, 0x00000000d5580000)
  object space 339456K, 30% used [0x0000000080000000,0x000000008666a5b0,0x0000000094b80000)
 Metaspace       used 124336K, capacity 131473K, committed 131584K, reserved 1163264K
  class space    used 16198K, capacity 17604K, committed 17664K, reserved 1048576K
}

Deoptimization events (10 events):
Event: 81.863 Thread 0x000000001db22000 Uncommon trap: reason=bimorphic action=maybe_recompile pc=0x0000000005d1ad08 method=kotlin.comparisons.ComparisonsKt__ComparisonsKt.compareValues(Ljava/lang/Comparable;Ljava/lang/Comparable;)I @ 21
Event: 81.879 Thread 0x000000001d55c800 Uncommon trap: reason=unstable_if action=reinterpret pc=0x00000000058e0d08 method=com.android.tools.r8.v.a.a.a.f.c0.get(I)Ljava/lang/Object; @ 8
Event: 81.879 Thread 0x000000001d55c800 Uncommon trap: reason=unstable_if action=reinterpret pc=0x0000000005e37ec4 method=com.android.tools.r8.v.a.a.a.f.c0.get(I)Ljava/lang/Object; @ 8
Event: 82.050 Thread 0x000000002cdb9000 Uncommon trap: reason=unstable_if action=reinterpret pc=0x000000000586e8a0 method=com.android.tools.r8.dex.DexOutputBuffer.g(I)V @ 8
Event: 82.778 Thread 0x000000002211c000 Uncommon trap: reason=predicate action=maybe_recompile pc=0x0000000006bb76e8 method=com.android.tools.r8.u.c.o.a(Lcom/android/tools/r8/u/c/M;IIZ)V @ 100
Event: 82.927 Thread 0x000000001d55c800 Uncommon trap: reason=unstable_if action=reinterpret pc=0x0000000006bc67e4 method=com.android.tools.r8.u.c.o.a(ILcom/android/tools/r8/u/c/M;)I @ 148
Event: 83.051 Thread 0x000000002211c000 Uncommon trap: reason=unstable_if action=reinterpret pc=0x00000000069fbfcc method=com.android.tools.r8.ir.optimize.h.c(Lcom/android/tools/r8/u/b/d0;)Z @ 27
Event: 83.247 Thread 0x000000002211c000 Uncommon trap: reason=unstable_if action=reinterpret pc=0x000000000680847c method=com.android.tools.r8.u.b.g1.a(Lcom/android/tools/r8/graph/e;Lcom/android/tools/r8/u/b/T;Ljava/util/function/Predicate;Ljava/util/Set;)Z @ 144
Event: 85.204 Thread 0x000000002211d800 Uncommon trap: reason=unstable_if action=reinterpret pc=0x0000000003fd2ce8 method=com.android.tools.r8.ir.regalloc.a.f()I @ 73
Event: 85.550 Thread 0x000000002211d800 Uncommon trap: reason=class_check action=maybe_recompile pc=0x0000000006a4f5bc method=com.android.tools.r8.u.a.h.e.b(Lcom/android/tools/r8/u/b/d0;)V @ 244

Classes redefined (0 events):
No events

Internal exceptions (10 events):
Event: 81.812 Thread 0x000000002211c800 Implicit null exception at 0x0000000005d2decf to 0x0000000005d2e041
Event: 81.824 Thread 0x000000002cdc0000 Implicit null exception at 0x0000000003b6932f to 0x0000000003b69421
Event: 81.824 Thread 0x0000000034235800 Implicit null exception at 0x0000000003b6932f to 0x0000000003b69421
Event: 81.862 Thread 0x000000002211c800 Exception <a 'sun/nio/fs/WindowsException'> (0x00000000e541d450) thrown at [D:\src\AOSP-openjdk-cygwin\jdk8u\hotspot\src\share\vm\prims\jni.cpp, line 710]
Event: 82.095 Thread 0x000000002cdb9000 Exception <a 'sun/nio/fs/WindowsException'> (0x00000000d8b7bb10) thrown at [D:\src\AOSP-openjdk-cygwin\jdk8u\hotspot\src\share\vm\prims\jni.cpp, line 710]
Event: 82.184 Thread 0x000000001d55b800 Exception <a 'sun/nio/fs/WindowsException'> (0x00000000dc756190) thrown at [D:\src\AOSP-openjdk-cygwin\jdk8u\hotspot\src\share\vm\prims\jni.cpp, line 710]
Event: 83.748 Thread 0x0000000022119800 Exception <a 'sun/nio/fs/WindowsException'> (0x00000000df9ea500) thrown at [D:\src\AOSP-openjdk-cygwin\jdk8u\hotspot\src\share\vm\prims\jni.cpp, line 710]
Event: 84.974 Thread 0x000000001d55c800 Exception <a 'sun/nio/fs/WindowsException'> (0x00000000e1fdb440) thrown at [D:\src\AOSP-openjdk-cygwin\jdk8u\hotspot\src\share\vm\prims\jni.cpp, line 710]
Event: 85.840 Thread 0x000000002211c000 Exception <a 'sun/nio/fs/WindowsException'> (0x00000000ef2b58e0) thrown at [D:\src\AOSP-openjdk-cygwin\jdk8u\hotspot\src\share\vm\prims\jni.cpp, line 710]
Event: 86.019 Thread 0x000000002211d800 Exception <a 'sun/nio/fs/WindowsException'> (0x00000000f0c6f4b8) thrown at [D:\src\AOSP-openjdk-cygwin\jdk8u\hotspot\src\share\vm\prims\jni.cpp, line 710]

Events (10 events):
Event: 85.729 Thread 0x000000002211d800 DEOPT PACKING pc=0x000000000608e5e4 sp=0x000000002ae6a2b0
Event: 85.729 Thread 0x000000002211d800 DEOPT UNPACKING pc=0x0000000002f475d0 sp=0x000000002ae6a320 mode 0
Event: 85.731 Thread 0x000000002211d800 DEOPT PACKING pc=0x0000000006159c38 sp=0x000000002ae6a710
Event: 85.731 Thread 0x000000002211d800 DEOPT UNPACKING pc=0x0000000002f475d0 sp=0x000000002ae6a6b8 mode 0
Event: 85.770 Thread 0x000000002211c000 DEOPT PACKING pc=0x0000000006217bae sp=0x000000002ad6ae80
Event: 85.770 Thread 0x000000002211c000 DEOPT UNPACKING pc=0x0000000002f475d0 sp=0x000000002ad6abc0 mode 0
Event: 85.855 Thread 0x000000002211d800 DEOPT PACKING pc=0x0000000006217bae sp=0x000000002ae6b120
Event: 85.855 Thread 0x000000002211d800 DEOPT UNPACKING pc=0x0000000002f475d0 sp=0x000000002ae6ae60 mode 0
Event: 85.857 Thread 0x000000002211d800 DEOPT PACKING pc=0x0000000006217bae sp=0x000000002ae6b150
Event: 85.857 Thread 0x000000002211d800 DEOPT UNPACKING pc=0x0000000002f475d0 sp=0x000000002ae6ae90 mode 0


Dynamic libraries:
0x00007ff6532e0000 - 0x00007ff653311000 	C:\Program Files\Android\Android Studio\jre\bin\java.exe
0x00007fff8bf40000 - 0x00007fff8c130000 	C:\WINDOWS\SYSTEM32\ntdll.dll
0x00007fff8a190000 - 0x00007fff8a242000 	C:\WINDOWS\System32\KERNEL32.DLL
0x00007fff892a0000 - 0x00007fff89543000 	C:\WINDOWS\System32\KERNELBASE.dll
0x00007fff8bdf0000 - 0x00007fff8be93000 	C:\WINDOWS\System32\ADVAPI32.dll
0x00007fff8a700000 - 0x00007fff8a79e000 	C:\WINDOWS\System32\msvcrt.dll
0x00007fff8a2d0000 - 0x00007fff8a367000 	C:\WINDOWS\System32\sechost.dll
0x00007fff8a370000 - 0x00007fff8a490000 	C:\WINDOWS\System32\RPCRT4.dll
0x00007fff89ff0000 - 0x00007fff8a184000 	C:\WINDOWS\System32\USER32.dll
0x00007fff89270000 - 0x00007fff89291000 	C:\WINDOWS\System32\win32u.dll
0x00007fff8bb70000 - 0x00007fff8bb96000 	C:\WINDOWS\System32\GDI32.dll
0x00007fff890d0000 - 0x00007fff89264000 	C:\WINDOWS\System32\gdi32full.dll
0x00007fff89d50000 - 0x00007fff89dee000 	C:\WINDOWS\System32\msvcp_win.dll
0x00007fff88f40000 - 0x00007fff8903a000 	C:\WINDOWS\System32\ucrtbase.dll
0x00007fff7c590000 - 0x00007fff7c815000 	C:\WINDOWS\WinSxS\amd64_microsoft.windows.common-controls_6595b64144ccf1df_6.0.18362.657_none_e6c5b579130e3898\COMCTL32.dll
0x00007fff8a7a0000 - 0x00007fff8aad6000 	C:\WINDOWS\System32\combase.dll
0x00007fff89cd0000 - 0x00007fff89d50000 	C:\WINDOWS\System32\bcryptPrimitives.dll
0x00007fff8bb40000 - 0x00007fff8bb6e000 	C:\WINDOWS\System32\IMM32.DLL
0x0000000054200000 - 0x00000000542d2000 	C:\Program Files\Android\Android Studio\jre\jre\bin\msvcr100.dll
0x00000000543c0000 - 0x0000000054c06000 	C:\Program Files\Android\Android Studio\jre\jre\bin\server\jvm.dll
0x00007fff8b430000 - 0x00007fff8b438000 	C:\WINDOWS\System32\PSAPI.DLL
0x00007fff7d650000 - 0x00007fff7d674000 	C:\WINDOWS\SYSTEM32\WINMM.dll
0x00007fff724a0000 - 0x00007fff724a9000 	C:\WINDOWS\SYSTEM32\WSOCK32.dll
0x00007fff84210000 - 0x00007fff8421a000 	C:\WINDOWS\SYSTEM32\VERSION.dll
0x00007fff8a690000 - 0x00007fff8a6ff000 	C:\WINDOWS\System32\WS2_32.dll
0x00007fff7d620000 - 0x00007fff7d64d000 	C:\WINDOWS\SYSTEM32\winmmbase.dll
0x00007fff88ed0000 - 0x00007fff88f1a000 	C:\WINDOWS\System32\cfgmgr32.dll
0x00007fff85800000 - 0x00007fff8580f000 	C:\Program Files\Android\Android Studio\jre\jre\bin\verify.dll
0x00007fff84020000 - 0x00007fff84049000 	C:\Program Files\Android\Android Studio\jre\jre\bin\java.dll
0x00007fff844d0000 - 0x00007fff844e6000 	C:\Program Files\Android\Android Studio\jre\jre\bin\zip.dll
0x00007fff8b450000 - 0x00007fff8bb35000 	C:\WINDOWS\System32\SHELL32.dll
0x00007fff8bd40000 - 0x00007fff8bde9000 	C:\WINDOWS\System32\shcore.dll
0x00007fff89550000 - 0x00007fff89ccf000 	C:\WINDOWS\System32\windows.storage.dll
0x00007fff88eb0000 - 0x00007fff88ecf000 	C:\WINDOWS\System32\profapi.dll
0x00007fff88e40000 - 0x00007fff88e8a000 	C:\WINDOWS\System32\powrprof.dll
0x00007fff88e10000 - 0x00007fff88e20000 	C:\WINDOWS\System32\UMPDC.dll
0x00007fff8ae30000 - 0x00007fff8ae82000 	C:\WINDOWS\System32\shlwapi.dll
0x00007fff88e20000 - 0x00007fff88e31000 	C:\WINDOWS\System32\kernel.appcore.dll
0x00007fff88f20000 - 0x00007fff88f37000 	C:\WINDOWS\System32\cryptsp.dll
0x00007fff84440000 - 0x00007fff8445a000 	C:\Program Files\Android\Android Studio\jre\jre\bin\net.dll
0x00007fff79b00000 - 0x00007fff79cd6000 	C:\WINDOWS\SYSTEM32\urlmon.dll
0x00007fff79250000 - 0x00007fff794f6000 	C:\WINDOWS\SYSTEM32\iertutil.dll
0x00007fff88850000 - 0x00007fff8885c000 	C:\WINDOWS\SYSTEM32\CRYPTBASE.DLL
0x00007fff88680000 - 0x00007fff886e7000 	C:\WINDOWS\system32\mswsock.dll
0x00007fff84300000 - 0x00007fff84313000 	C:\Program Files\Android\Android Studio\jre\jre\bin\nio.dll
0x00007fff837c0000 - 0x00007fff837e6000 	C:\Users\Gunter\.gradle\native\30\windows-amd64\native-platform.dll
0x00007fff84470000 - 0x00007fff8447d000 	C:\Program Files\Android\Android Studio\jre\jre\bin\management.dll
0x00007fff881f0000 - 0x00007fff88223000 	C:\WINDOWS\system32\rsaenh.dll
0x00007fff89040000 - 0x00007fff89066000 	C:\WINDOWS\System32\bcrypt.dll
0x00007fff88d00000 - 0x00007fff88d25000 	C:\WINDOWS\SYSTEM32\USERENV.dll
0x00007fff88390000 - 0x00007fff883ca000 	C:\WINDOWS\SYSTEM32\IPHLPAPI.DLL
0x00007fff8a610000 - 0x00007fff8a618000 	C:\WINDOWS\System32\NSI.dll
0x00007fff83e80000 - 0x00007fff83e96000 	C:\WINDOWS\SYSTEM32\dhcpcsvc6.DLL
0x00007fff836d0000 - 0x00007fff836ec000 	C:\WINDOWS\SYSTEM32\dhcpcsvc.DLL
0x00007fff883d0000 - 0x00007fff8849a000 	C:\WINDOWS\SYSTEM32\DNSAPI.dll
0x00007fff83830000 - 0x00007fff83854000 	C:\Program Files\Android\Android Studio\jre\jre\bin\sunec.dll
0x00007fff81c30000 - 0x00007fff81c3a000 	C:\Windows\System32\rasadhlp.dll
0x00007fff82a90000 - 0x00007fff82b07000 	C:\WINDOWS\System32\fwpuclnt.dll
0x00007fff83080000 - 0x00007fff8308b000 	C:\Program Files\Android\Android Studio\jre\jre\bin\sunmscapi.dll
0x00007fff89ea0000 - 0x00007fff89fe9000 	C:\WINDOWS\System32\CRYPT32.dll
0x00007fff88e90000 - 0x00007fff88ea2000 	C:\WINDOWS\System32\MSASN1.dll
0x00007fff87e70000 - 0x00007fff87ea1000 	C:\WINDOWS\SYSTEM32\ntmarta.dll
0x00007fff86fa0000 - 0x00007fff8702f000 	C:\WINDOWS\system32\apphelp.dll

VM Arguments:
jvm_args: -Xmx2048M -Dfile.encoding=windows-1252 -Duser.country=GB -Duser.language=en -Duser.variant 
java_command: org.gradle.launcher.daemon.bootstrap.GradleDaemon 5.6.4
java_class_path (initial): C:\Users\Gunter\.gradle\wrapper\dists\gradle-5.6.4-all\ankdp27end7byghfw1q2sw75f\gradle-5.6.4\lib\gradle-launcher-5.6.4.jar
Launcher Type: SUN_STANDARD

Environment Variables:
PATH=C:\Windows\System32;C:\Program Files\PuTTY\;C:\Program Files\NVIDIA Corporation\NVIDIA NvDLISR;C:\Windows\System32\WindowsPowerShell\v1.0;C:\Program Files\Java\jdk-11.0.4\bin;
USERNAME=Gunter
OS=Windows_NT
PROCESSOR_IDENTIFIER=Intel64 Family 6 Model 158 Stepping 10, GenuineIntel



---------------  S Y S T E M  ---------------

OS: Windows 10.0 , 64 bit Build 18362 (10.0.18362.329)

CPU:total 12 (initial active 12) (6 cores per cpu, 2 threads per core) family 6 model 158 stepping 10, cmov, cx8, fxsr, mmx, sse, sse2, sse3, ssse3, sse4.1, sse4.2, popcnt, avx, avx2, aes, clmul, erms, 3dnowpref, lzcnt, ht, tsc, tscinvbit, bmi1, bmi2, adx

Memory: 4k page, physical 16616412k(7517244k free), swap 47703640k(1580k free)

vm_info: OpenJDK 64-Bit Server VM (25.212-b04) for windows-amd64 JRE (1.8.0_212-release-1586-b04), built by "builder" with MS VC++ 10.0 (VS2010)

time: Tue Mar 03 09:31:31 2020
timezone: W. Europe Standard Time
elapsed time: 86 seconds (0d 0h 1m 26s)

