#
# There is insufficient memory for the Java Runtime Environment to continue.
# Native memory allocation (malloc) failed to allocate 182544 bytes for Chunk::new
# Possible reasons:
#   The system is out of physical RAM or swap space
#   The process is running with CompressedOops enabled, and the Java Heap may be blocking the growth of the native heap
# Possible solutions:
#   Reduce memory load on the system
#   Increase physical memory or swap space
#   Check if swap backing store is full
#   Decrease Java heap size (-Xmx/-Xms)
#   Decrease number of Java threads
#   Decrease Java thread stack sizes (-Xss)
#   Set larger code cache with -XX:ReservedCodeCacheSize=
#   JVM is running with Unscaled Compressed Oops mode in which the Java heap is
#     placed in the first 4GB address space. The Java Heap base address is the
#     maximum limit for the native heap growth. Please use -XX:HeapBaseMinAddress
#     to set the Java Heap base and to place the Java Heap above 4GB virtual address.
# This output file may be truncated or incomplete.
#
#  Out of Memory Error (allocation.cpp:389), pid=14632, tid=0x00000000000017a0
#
# JRE version: OpenJDK Runtime Environment (8.0_212-b04) (build 1.8.0_212-release-1586-b04)
# Java VM: OpenJDK 64-Bit Server VM (25.212-b04 mixed mode windows-amd64 compressed oops)
# Failed to write core dump. Minidumps are not enabled by default on client versions of Windows
#

---------------  T H R E A D  ---------------

Current thread (0x0000000018202000):  JavaThread "C2 CompilerThread1" daemon [_thread_in_native, id=6048, stack(0x0000000019970000,0x0000000019a70000)]

Stack: [0x0000000019970000,0x0000000019a70000]
[error occurred during error reporting (printing stack bounds), id 0xc0000005]

Native frames: (J=compiled Java code, j=interpreted, Vv=VM code, C=native code)


Current CompileTask:
C2:   5379 1421       4       java.net.URLClassLoader$1::run (5 bytes)


---------------  P R O C E S S  ---------------

Java Threads: ( => current thread )
  0x000000001bea4800 JavaThread "Cache worker for file hash cache (D:\Documents\IdeaProjects\MyZoo\.gradle\5.6.4\fileHashes)" [_thread_blocked, id=21240, stack(0x0000000020420000,0x0000000020520000)]
  0x000000001bea1800 JavaThread "Cache worker for journal cache (C:\Users\Gunter\.gradle\caches\journal-1)" [_thread_blocked, id=15348, stack(0x000000001db90000,0x000000001dc90000)]
  0x000000001bea3800 JavaThread "File lock request listener" [_thread_in_native, id=9424, stack(0x000000001da90000,0x000000001db90000)]
  0x000000001bcbf000 JavaThread "Cache worker for file hash cache (C:\Users\Gunter\.gradle\caches\5.6.4\fileHashes)" [_thread_blocked, id=8620, stack(0x000000001d990000,0x000000001da90000)]
  0x000000001bbda800 JavaThread "Thread-9" [_thread_blocked, id=16344, stack(0x000000001d890000,0x000000001d990000)]
  0x000000001bbd6000 JavaThread "Stdin handler" [_thread_blocked, id=4940, stack(0x000000001d790000,0x000000001d890000)]
  0x000000001bbd5800 JavaThread "Asynchronous log dispatcher for DefaultDaemonConnection: socket connection from /127.0.0.1:45007 to /127.0.0.1:45008" [_thread_blocked, id=20040, stack(0x000000001d690000,0x000000001d790000)]
  0x000000001bc81000 JavaThread "Daemon worker" [_thread_in_native, id=14216, stack(0x000000001d590000,0x000000001d690000)]
  0x000000001bc21800 JavaThread "Cancel handler" [_thread_blocked, id=3096, stack(0x000000001d390000,0x000000001d490000)]
  0x000000001bb8d000 JavaThread "Handler for socket connection from /127.0.0.1:45007 to /127.0.0.1:45008" [_thread_in_native, id=19828, stack(0x000000001d090000,0x000000001d190000)]
  0x000000001bb89800 JavaThread "Daemon" [_thread_blocked, id=17592, stack(0x000000001cf90000,0x000000001d090000)]
  0x000000001bb33000 JavaThread "Daemon periodic checks" [_thread_blocked, id=19880, stack(0x000000001ce90000,0x000000001cf90000)]
  0x000000001bb32000 JavaThread "Incoming local TCP Connector on port 45007" [_thread_in_native, id=19660, stack(0x000000001cc50000,0x000000001cd50000)]
  0x000000001ba2e000 JavaThread "Daemon health stats" [_thread_blocked, id=22616, stack(0x000000001c610000,0x000000001c710000)]
  0x0000000018268000 JavaThread "Service Thread" daemon [_thread_blocked, id=11240, stack(0x0000000019c70000,0x0000000019d70000)]
  0x0000000018212000 JavaThread "C1 CompilerThread3" daemon [_thread_blocked, id=4188, stack(0x0000000019b70000,0x0000000019c70000)]
  0x0000000018211000 JavaThread "C2 CompilerThread2" daemon [_thread_in_native, id=2960, stack(0x0000000019a70000,0x0000000019b70000)]
=>0x0000000018202000 JavaThread "C2 CompilerThread1" daemon [_thread_in_native, id=6048, stack(0x0000000019970000,0x0000000019a70000)]
  0x00000000181fc000 JavaThread "C2 CompilerThread0" daemon [_thread_in_native, id=21060, stack(0x0000000019870000,0x0000000019970000)]
  0x00000000181f8000 JavaThread "Attach Listener" daemon [_thread_blocked, id=17128, stack(0x0000000019770000,0x0000000019870000)]
  0x00000000181f7000 JavaThread "Signal Dispatcher" daemon [_thread_blocked, id=8300, stack(0x0000000019670000,0x0000000019770000)]
  0x0000000016afd000 JavaThread "Finalizer" daemon [_thread_blocked, id=14820, stack(0x0000000019470000,0x0000000019570000)]
  0x00000000181f3000 JavaThread "Reference Handler" daemon [_thread_blocked, id=1296, stack(0x0000000019370000,0x0000000019470000)]
  0x000000000293e000 JavaThread "main" [_thread_blocked, id=4932, stack(0x0000000002940000,0x0000000002a40000)]

Other Threads:
  0x0000000016af6000 VMThread [stack: 0x0000000019270000,0x0000000019370000] [id=17664]
  0x0000000018269000 WatcherThread [stack: 0x0000000019d70000,0x0000000019e70000] [id=22456]

VM state:not at safepoint (normal execution)

VM Mutex/Monitor currently owned by a thread: None

heap address: 0x00000000a0000000, size: 1536 MB, Compressed Oops mode: 32-bit
Narrow klass base: 0x0000000000000000, Narrow klass shift: 3
Compressed class space size: 1073741824 Address: 0x0000000100000000

Heap:
 PSYoungGen      total 75776K, used 60666K [0x00000000e0000000, 0x00000000e5480000, 0x0000000100000000)
  eden space 65024K, 78% used [0x00000000e0000000,0x00000000e31eefd8,0x00000000e3f80000)
  from space 10752K, 88% used [0x00000000e4a00000,0x00000000e534fb40,0x00000000e5480000)
  to   space 10752K, 0% used [0x00000000e3f80000,0x00000000e3f80000,0x00000000e4a00000)
 ParOldGen       total 173568K, used 24K [0x00000000a0000000, 0x00000000aa980000, 0x00000000e0000000)
  object space 173568K, 0% used [0x00000000a0000000,0x00000000a0006000,0x00000000aa980000)
 Metaspace       used 18789K, capacity 19276K, committed 19584K, reserved 1069056K
  class space    used 2698K, capacity 2852K, committed 2944K, reserved 1048576K

Card table byte_map: [0x0000000011f00000,0x0000000012210000] byte_map_base: 0x0000000011a00000

Marking Bits: (ParMarkBitMap*) 0x0000000054b89f30
 Begin Bits: [0x0000000012e10000, 0x0000000014610000)
 End Bits:   [0x0000000014610000, 0x0000000015e10000)

Polling page: 0x0000000000fa0000

CodeCache: size=245760Kb used=5754Kb max_used=5754Kb free=240005Kb
 bounds [0x0000000002b40000, 0x00000000030f0000, 0x0000000011b40000]
 total_blobs=2120 nmethods=1708 adapters=325
 compilation: enabled

Compilation events (10 events):
Event: 5.204 Thread 0x0000000018212000 1687       3       sun.security.provider.ByteArrayAccess::b2iLittle64 (614 bytes)
Event: 5.205 Thread 0x0000000018212000 nmethod 1687 0x00000000030ceb50 code [0x00000000030cece0, 0x00000000030cf268]
Event: 5.205 Thread 0x0000000018212000 1688       3       java.util.concurrent.locks.ReentrantLock$NonfairSync::tryAcquire (6 bytes)
Event: 5.205 Thread 0x0000000018212000 nmethod 1688 0x00000000030ce750 code [0x00000000030ce8c0, 0x00000000030ceac8]
Event: 5.205 Thread 0x00000000181fc000 nmethod 1678 0x00000000030ce190 code [0x00000000030ce2e0, 0x00000000030ce538]
Event: 5.209 Thread 0x0000000018212000 1689       3       java.io.ByteArrayOutputStream::<init> (7 bytes)
Event: 5.210 Thread 0x0000000018212000 nmethod 1689 0x00000000030cde10 code [0x00000000030cdf80, 0x00000000030ce108]
Event: 5.210 Thread 0x0000000018212000 1690  s    3       java.io.BufferedOutputStream::write (35 bytes)
Event: 5.210 Thread 0x00000000181fc000 1691   !   4       java.lang.ClassLoader::getPackage (118 bytes)
Event: 5.210 Thread 0x0000000018212000 nmethod 1690 0x00000000030c5090 code [0x00000000030c5220, 0x00000000030c56e8]

GC Heap History (4 events):
Event: 1.776 GC heap before
{Heap before GC invocations=1 (full 0):
 PSYoungGen      total 75776K, used 65024K [0x00000000e0000000, 0x00000000e5480000, 0x0000000100000000)
  eden space 65024K, 100% used [0x00000000e0000000,0x00000000e3f80000,0x00000000e3f80000)
  from space 10752K, 0% used [0x00000000e4a00000,0x00000000e4a00000,0x00000000e5480000)
  to   space 10752K, 0% used [0x00000000e3f80000,0x00000000e3f80000,0x00000000e4a00000)
 ParOldGen       total 173568K, used 0K [0x00000000a0000000, 0x00000000aa980000, 0x00000000e0000000)
  object space 173568K, 0% used [0x00000000a0000000,0x00000000a0000000,0x00000000aa980000)
 Metaspace       used 7243K, capacity 7524K, committed 7680K, reserved 1056768K
  class space    used 890K, capacity 980K, committed 1024K, reserved 1048576K
Event: 1.784 GC heap after
Heap after GC invocations=1 (full 0):
 PSYoungGen      total 75776K, used 5783K [0x00000000e0000000, 0x00000000e5480000, 0x0000000100000000)
  eden space 65024K, 0% used [0x00000000e0000000,0x00000000e0000000,0x00000000e3f80000)
  from space 10752K, 53% used [0x00000000e3f80000,0x00000000e4525ee8,0x00000000e4a00000)
  to   space 10752K, 0% used [0x00000000e4a00000,0x00000000e4a00000,0x00000000e5480000)
 ParOldGen       total 173568K, used 16K [0x00000000a0000000, 0x00000000aa980000, 0x00000000e0000000)
  object space 173568K, 0% used [0x00000000a0000000,0x00000000a0004000,0x00000000aa980000)
 Metaspace       used 7243K, capacity 7524K, committed 7680K, reserved 1056768K
  class space    used 890K, capacity 980K, committed 1024K, reserved 1048576K
}
Event: 4.396 GC heap before
{Heap before GC invocations=2 (full 0):
 PSYoungGen      total 75776K, used 70807K [0x00000000e0000000, 0x00000000e5480000, 0x0000000100000000)
  eden space 65024K, 100% used [0x00000000e0000000,0x00000000e3f80000,0x00000000e3f80000)
  from space 10752K, 53% used [0x00000000e3f80000,0x00000000e4525ee8,0x00000000e4a00000)
  to   space 10752K, 0% used [0x00000000e4a00000,0x00000000e4a00000,0x00000000e5480000)
 ParOldGen       total 173568K, used 16K [0x00000000a0000000, 0x00000000aa980000, 0x00000000e0000000)
  object space 173568K, 0% used [0x00000000a0000000,0x00000000a0004000,0x00000000aa980000)
 Metaspace       used 14425K, capacity 14750K, committed 14976K, reserved 1062912K
  class space    used 2009K, capacity 2127K, committed 2176K, reserved 1048576K
Event: 4.409 GC heap after
Heap after GC invocations=2 (full 0):
 PSYoungGen      total 75776K, used 9534K [0x00000000e0000000, 0x00000000e5480000, 0x0000000100000000)
  eden space 65024K, 0% used [0x00000000e0000000,0x00000000e0000000,0x00000000e3f80000)
  from space 10752K, 88% used [0x00000000e4a00000,0x00000000e534fb40,0x00000000e5480000)
  to   space 10752K, 0% used [0x00000000e3f80000,0x00000000e3f80000,0x00000000e4a00000)
 ParOldGen       total 173568K, used 24K [0x00000000a0000000, 0x00000000aa980000, 0x00000000e0000000)
  object space 173568K, 0% used [0x00000000a0000000,0x00000000a0006000,0x00000000aa980000)
 Metaspace       used 14425K, capacity 14750K, committed 14976K, reserved 1062912K
  class space    used 2009K, capacity 2127K, committed 2176K, reserved 1048576K
}

Deoptimization events (10 events):
Event: 4.235 Thread 0x000000001bc81000 Uncommon trap: reason=class_check action=maybe_recompile pc=0x0000000002dfcf18 method=java.util.regex.Matcher.match(II)Z @ 86
Event: 4.253 Thread 0x000000001bc81000 Uncommon trap: reason=class_check action=maybe_recompile pc=0x0000000002dfcf18 method=java.util.regex.Matcher.match(II)Z @ 86
Event: 4.254 Thread 0x000000001bc81000 Uncommon trap: reason=class_check action=maybe_recompile pc=0x0000000002dfcf18 method=java.util.regex.Matcher.match(II)Z @ 86
Event: 4.254 Thread 0x000000001bc81000 Uncommon trap: reason=class_check action=maybe_recompile pc=0x0000000002cb289c method=java.util.regex.Matcher.match(II)Z @ 86
Event: 4.586 Thread 0x000000001bc81000 Uncommon trap: reason=unstable_if action=reinterpret pc=0x0000000002fbbf74 method=java.lang.String.lastIndexOf([CII[CIII)I @ 66
Event: 4.711 Thread 0x000000001bc81000 Uncommon trap: reason=unstable_if action=reinterpret pc=0x0000000002fc2ab4 method=java.util.HashMap.putVal(ILjava/lang/Object;Ljava/lang/Object;ZZ)Ljava/lang/Object; @ 236
Event: 5.030 Thread 0x000000001bc81000 Uncommon trap: reason=unstable_if action=reinterpret pc=0x0000000002cb4e08 method=java.net.URI.match(CJJ)Z @ 19
Event: 5.030 Thread 0x000000001bc81000 Uncommon trap: reason=unstable_if action=reinterpret pc=0x0000000002d8a340 method=java.net.URI.match(CJJ)Z @ 19
Event: 5.030 Thread 0x000000001bc81000 Uncommon trap: reason=unstable_if action=reinterpret pc=0x0000000002cb3948 method=java.net.URI.match(CJJ)Z @ 19
Event: 5.113 Thread 0x000000001bc81000 Uncommon trap: reason=unstable_if action=reinterpret pc=0x0000000002df0e00 method=java.io.File.getName()Ljava/lang/String; @ 16

Classes redefined (0 events):
No events

Internal exceptions (10 events):
Event: 3.897 Thread 0x000000001bb8d000 Exception <a 'java/lang/NoSuchMethodError': <clinit>> (0x00000000e1bf4528) thrown at [D:\src\AOSP-openjdk-cygwin\jdk8u\hotspot\src\share\vm\prims\jni.cpp, line 1614]
Event: 3.899 Thread 0x000000001bb8d000 Exception <a 'java/lang/NoSuchMethodError': <clinit>> (0x00000000e1c0c520) thrown at [D:\src\AOSP-openjdk-cygwin\jdk8u\hotspot\src\share\vm\prims\jni.cpp, line 1614]
Event: 3.900 Thread 0x000000001bb8d000 Exception <a 'java/lang/NoSuchMethodError': <clinit>> (0x00000000e1c151b0) thrown at [D:\src\AOSP-openjdk-cygwin\jdk8u\hotspot\src\share\vm\prims\jni.cpp, line 1614]
Event: 3.903 Thread 0x000000001bb8d000 Exception <a 'java/lang/NoSuchMethodError': <clinit>> (0x00000000e1c2b818) thrown at [D:\src\AOSP-openjdk-cygwin\jdk8u\hotspot\src\share\vm\prims\jni.cpp, line 1614]
Event: 3.918 Thread 0x000000001bb8d000 Exception <a 'java/lang/NoSuchMethodError': <clinit>> (0x00000000e1c94488) thrown at [D:\src\AOSP-openjdk-cygwin\jdk8u\hotspot\src\share\vm\prims\jni.cpp, line 1614]
Event: 3.923 Thread 0x000000001bb8d000 Exception <a 'java/lang/NoSuchMethodError': <clinit>> (0x00000000e1cc0f98) thrown at [D:\src\AOSP-openjdk-cygwin\jdk8u\hotspot\src\share\vm\prims\jni.cpp, line 1614]
Event: 3.931 Thread 0x000000001bb8d000 Exception <a 'java/lang/NoSuchMethodError': <clinit>> (0x00000000e1cde8f8) thrown at [D:\src\AOSP-openjdk-cygwin\jdk8u\hotspot\src\share\vm\prims\jni.cpp, line 1614]
Event: 4.542 Thread 0x000000001bc81000 Exception <a 'java/lang/NoSuchMethodError': java.lang.Object.lambda$and$0(Ljava/util/function/Predicate;Ljava/lang/Object;)Z> (0x00000000e0c13c08) thrown at [D:\src\AOSP-openjdk-cygwin\jdk8u\hotspot\src\share\vm\interpreter\linkResolver.cpp, line 620]
Event: 4.551 Thread 0x000000001bc81000 Exception <a 'java/lang/IncompatibleClassChangeError': Found class java.lang.Object, but interface was expected> (0x00000000e0c29ef0) thrown at [D:\src\AOSP-openjdk-cygwin\jdk8u\hotspot\src\share\vm\interpreter\linkResolver.cpp, line 653]
Event: 4.555 Thread 0x000000001bc81000 Exception <a 'java/lang/NoSuchMethodError': java.lang.Object.lambda$or$2(Ljava/util/function/Predicate;Ljava/lang/Object;)Z> (0x00000000e0c2ee00) thrown at [D:\src\AOSP-openjdk-cygwin\jdk8u\hotspot\src\share\vm\interpreter\linkResolver.cpp, line 620]

Events (10 events):
Event: 5.208 loading class com/google/common/cache/RemovalCause$3
Event: 5.208 loading class com/google/common/cache/RemovalCause$3 done
Event: 5.208 loading class com/google/common/cache/RemovalCause$4
Event: 5.208 loading class com/google/common/cache/RemovalCause$4 done
Event: 5.208 loading class com/google/common/cache/RemovalCause$5
Event: 5.208 loading class com/google/common/cache/RemovalCause$5 done
Event: 5.209 loading class com/google/common/cache/RemovalNotification
Event: 5.209 loading class com/google/common/cache/RemovalNotification done
Event: 5.209 loading class org/apache/commons/io/FileUtils
Event: 5.209 loading class org/apache/commons/io/FileUtils done


Dynamic libraries:
0x00007ff6532e0000 - 0x00007ff653311000 	C:\Program Files\Android\Android Studio\jre\bin\java.exe
0x00007fff8bf40000 - 0x00007fff8c130000 	C:\WINDOWS\SYSTEM32\ntdll.dll
0x00007fff8a190000 - 0x00007fff8a242000 	C:\WINDOWS\System32\KERNEL32.DLL
0x00007fff892a0000 - 0x00007fff89543000 	C:\WINDOWS\System32\KERNELBASE.dll
0x00007fff86fa0000 - 0x00007fff8702f000 	C:\WINDOWS\SYSTEM32\apphelp.dll
0x00007fff8bdf0000 - 0x00007fff8be93000 	C:\WINDOWS\System32\ADVAPI32.dll
0x00007fff8a700000 - 0x00007fff8a79e000 	C:\WINDOWS\System32\msvcrt.dll
0x00007fff8a2d0000 - 0x00007fff8a367000 	C:\WINDOWS\System32\sechost.dll
0x00007fff8a370000 - 0x00007fff8a490000 	C:\WINDOWS\System32\RPCRT4.dll
0x00007fff89ff0000 - 0x00007fff8a184000 	C:\WINDOWS\System32\USER32.dll
0x00007fff89270000 - 0x00007fff89291000 	C:\WINDOWS\System32\win32u.dll
0x00007fff8bb70000 - 0x00007fff8bb96000 	C:\WINDOWS\System32\GDI32.dll
0x00007fff890d0000 - 0x00007fff89264000 	C:\WINDOWS\System32\gdi32full.dll
0x00007fff89d50000 - 0x00007fff89dee000 	C:\WINDOWS\System32\msvcp_win.dll
0x00007fff88f40000 - 0x00007fff8903a000 	C:\WINDOWS\System32\ucrtbase.dll
0x00007fff7c590000 - 0x00007fff7c815000 	C:\WINDOWS\WinSxS\amd64_microsoft.windows.common-controls_6595b64144ccf1df_6.0.18362.657_none_e6c5b579130e3898\COMCTL32.dll
0x00007fff8a7a0000 - 0x00007fff8aad6000 	C:\WINDOWS\System32\combase.dll
0x00007fff89cd0000 - 0x00007fff89d50000 	C:\WINDOWS\System32\bcryptPrimitives.dll
0x00007fff8bb40000 - 0x00007fff8bb6e000 	C:\WINDOWS\System32\IMM32.DLL
0x0000000054200000 - 0x00000000542d2000 	C:\Program Files\Android\Android Studio\jre\jre\bin\msvcr100.dll
0x00000000543c0000 - 0x0000000054c06000 	C:\Program Files\Android\Android Studio\jre\jre\bin\server\jvm.dll
0x00007fff8b430000 - 0x00007fff8b438000 	C:\WINDOWS\System32\PSAPI.DLL
0x00007fff7d650000 - 0x00007fff7d674000 	C:\WINDOWS\SYSTEM32\WINMM.dll
0x00007fff84210000 - 0x00007fff8421a000 	C:\WINDOWS\SYSTEM32\VERSION.dll
0x00007fff724a0000 - 0x00007fff724a9000 	C:\WINDOWS\SYSTEM32\WSOCK32.dll
0x00007fff8a690000 - 0x00007fff8a6ff000 	C:\WINDOWS\System32\WS2_32.dll
0x00007fff7d620000 - 0x00007fff7d64d000 	C:\WINDOWS\SYSTEM32\WINMMBASE.dll
0x00007fff88ed0000 - 0x00007fff88f1a000 	C:\WINDOWS\System32\cfgmgr32.dll
0x00007fff85800000 - 0x00007fff8580f000 	C:\Program Files\Android\Android Studio\jre\jre\bin\verify.dll
0x00007fff843f0000 - 0x00007fff84419000 	C:\Program Files\Android\Android Studio\jre\jre\bin\java.dll
0x00007fff844d0000 - 0x00007fff844e6000 	C:\Program Files\Android\Android Studio\jre\jre\bin\zip.dll
0x00007fff8b450000 - 0x00007fff8bb35000 	C:\WINDOWS\System32\SHELL32.dll
0x00007fff8bd40000 - 0x00007fff8bde9000 	C:\WINDOWS\System32\shcore.dll
0x00007fff89550000 - 0x00007fff89ccf000 	C:\WINDOWS\System32\windows.storage.dll
0x00007fff88eb0000 - 0x00007fff88ecf000 	C:\WINDOWS\System32\profapi.dll
0x00007fff88e40000 - 0x00007fff88e8a000 	C:\WINDOWS\System32\powrprof.dll
0x00007fff88e10000 - 0x00007fff88e20000 	C:\WINDOWS\System32\UMPDC.dll
0x00007fff8ae30000 - 0x00007fff8ae82000 	C:\WINDOWS\System32\shlwapi.dll
0x00007fff88e20000 - 0x00007fff88e31000 	C:\WINDOWS\System32\kernel.appcore.dll
0x00007fff88f20000 - 0x00007fff88f37000 	C:\WINDOWS\System32\cryptsp.dll
0x00007fff84320000 - 0x00007fff8433a000 	C:\Program Files\Android\Android Studio\jre\jre\bin\net.dll
0x00007fff79b00000 - 0x00007fff79cd6000 	C:\WINDOWS\SYSTEM32\urlmon.dll
0x00007fff79250000 - 0x00007fff794f6000 	C:\WINDOWS\SYSTEM32\iertutil.dll
0x00007fff88850000 - 0x00007fff8885c000 	C:\WINDOWS\SYSTEM32\CRYPTBASE.DLL
0x00007fff88680000 - 0x00007fff886e7000 	C:\WINDOWS\system32\mswsock.dll
0x00007fff84300000 - 0x00007fff84313000 	C:\Program Files\Android\Android Studio\jre\jre\bin\nio.dll
0x00007fff70370000 - 0x00007fff70396000 	C:\Users\Gunter\.gradle\native\30\windows-amd64\native-platform.dll
0x00007fff84470000 - 0x00007fff8447d000 	C:\Program Files\Android\Android Studio\jre\jre\bin\management.dll
0x00007fff881f0000 - 0x00007fff88223000 	C:\WINDOWS\system32\rsaenh.dll
0x00007fff89040000 - 0x00007fff89066000 	C:\WINDOWS\System32\bcrypt.dll
0x00007fff88d00000 - 0x00007fff88d25000 	C:\WINDOWS\SYSTEM32\USERENV.dll
0x00007fff88390000 - 0x00007fff883ca000 	C:\WINDOWS\SYSTEM32\IPHLPAPI.DLL
0x00007fff8a610000 - 0x00007fff8a618000 	C:\WINDOWS\System32\NSI.dll
0x00007fff83e80000 - 0x00007fff83e96000 	C:\WINDOWS\SYSTEM32\dhcpcsvc6.DLL
0x00007fff836d0000 - 0x00007fff836ec000 	C:\WINDOWS\SYSTEM32\dhcpcsvc.DLL
0x00007fff883d0000 - 0x00007fff8849a000 	C:\WINDOWS\SYSTEM32\DNSAPI.dll

VM Arguments:
jvm_args: -Xmx1536M -Dfile.encoding=windows-1252 -Duser.country=GB -Duser.language=en -Duser.variant 
java_command: org.gradle.launcher.daemon.bootstrap.GradleDaemon 5.6.4
java_class_path (initial): C:\Users\Gunter\.gradle\wrapper\dists\gradle-5.6.4-all\ankdp27end7byghfw1q2sw75f\gradle-5.6.4\lib\gradle-launcher-5.6.4.jar
Launcher Type: SUN_STANDARD

Environment Variables:
PATH=C:\Windows\System32;C:\Program Files\PuTTY\;C:\Program Files\NVIDIA Corporation\NVIDIA NvDLISR;C:\Windows\System32\WindowsPowerShell\v1.0;C:\Program Files\Java\jdk-11.0.4\bin;
USERNAME=Gunter
OS=Windows_NT
PROCESSOR_IDENTIFIER=Intel64 Family 6 Model 158 Stepping 10, GenuineIntel



---------------  S Y S T E M  ---------------

OS: Windows 10.0 , 64 bit Build 18362 (10.0.18362.329)

CPU:total 12 (initial active 12) (6 cores per cpu, 2 threads per core) family 6 model 158 stepping 10, cmov, cx8, fxsr, mmx, sse, sse2, sse3, ssse3, sse4.1, sse4.2, popcnt, avx, avx2, aes, clmul, erms, 3dnowpref, lzcnt, ht, tsc, tscinvbit, bmi1, bmi2, adx

Memory: 4k page, physical 16616412k(7299236k free), swap 47703640k(5844k free)

vm_info: OpenJDK 64-Bit Server VM (25.212-b04) for windows-amd64 JRE (1.8.0_212-release-1586-b04), built by "builder" with MS VC++ 10.0 (VS2010)

time: Tue Mar 03 09:02:12 2020
timezone: W. Europe Standard Time
elapsed time: 5 seconds (0d 0h 0m 5s)

